{"/home/travis/build/npmtest/node-npmtest-docker-cmd/test.js":{"path":"/home/travis/build/npmtest/node-npmtest-docker-cmd/test.js","s":{"1":2,"2":2,"3":2,"4":2,"5":2,"6":2,"7":2,"8":1,"9":2,"10":2,"11":1,"12":1,"13":1,"14":1,"15":2,"16":2,"17":2,"18":2,"19":1,"20":1,"21":2,"22":2,"23":2,"24":1,"25":1,"26":1,"27":1,"28":1,"29":1,"30":1,"31":1,"32":1,"33":1,"34":1,"35":1,"36":1,"37":1,"38":1,"39":2,"40":2,"41":1,"42":2,"43":2,"44":1,"45":2,"46":2,"47":1,"48":2,"49":2,"50":1,"51":1,"52":1,"53":1,"54":1},"b":{"1":[2,1,1,1],"2":[1,1,1,1],"3":[1,1],"4":[1,1],"5":[1,1],"6":[1,1],"7":[1,1],"8":[1,1],"9":[1,1],"10":[1,1,1],"11":[1,1],"12":[1,1],"13":[1,1],"14":[1,1],"15":[1,1],"16":[1,1],"17":[1,1]},"f":{"1":2,"2":2,"3":2,"4":2,"5":2,"6":1,"7":1,"8":1,"9":2,"10":2,"11":2,"12":2,"13":1},"fnMap":{"1":{"name":"(anonymous_1)","line":12,"loc":{"start":{"line":12,"column":1},"end":{"line":12,"column":13}}},"2":{"name":"(anonymous_2)","line":19,"loc":{"start":{"line":19,"column":5},"end":{"line":19,"column":17}}},"3":{"name":"(anonymous_3)","line":23,"loc":{"start":{"line":23,"column":24},"end":{"line":23,"column":36}}},"4":{"name":"(anonymous_4)","line":61,"loc":{"start":{"line":61,"column":5},"end":{"line":61,"column":17}}},"5":{"name":"(anonymous_5)","line":82,"loc":{"start":{"line":82,"column":5},"end":{"line":82,"column":17}}},"6":{"name":"(anonymous_6)","line":91,"loc":{"start":{"line":91,"column":77},"end":{"line":94,"column":10}}},"7":{"name":"(anonymous_7)","line":112,"loc":{"start":{"line":112,"column":83},"end":{"line":115,"column":10}},"skip":true},"8":{"name":"(anonymous_8)","line":123,"loc":{"start":{"line":123,"column":77},"end":{"line":126,"column":10}},"skip":true},"9":{"name":"(anonymous_9)","line":139,"loc":{"start":{"line":139,"column":12},"end":{"line":139,"column":40}},"skip":true},"10":{"name":"(anonymous_10)","line":147,"loc":{"start":{"line":147,"column":77},"end":{"line":150,"column":10}},"skip":true},"11":{"name":"(anonymous_11)","line":158,"loc":{"start":{"line":158,"column":83},"end":{"line":161,"column":10}},"skip":true},"12":{"name":"(anonymous_12)","line":169,"loc":{"start":{"line":169,"column":79},"end":{"line":172,"column":10}},"skip":true},"13":{"name":"(anonymous_13)","line":180,"loc":{"start":{"line":180,"column":75},"end":{"line":183,"column":10}},"skip":true}},"statementMap":{"1":{"start":{"line":12,"column":0},"end":{"line":195,"column":5}},"2":{"start":{"line":14,"column":4},"end":{"line":14,"column":14}},"3":{"start":{"line":19,"column":4},"end":{"line":56,"column":9}},"4":{"start":{"line":21,"column":8},"end":{"line":21,"column":19}},"5":{"start":{"line":23,"column":8},"end":{"line":35,"column":13}},"6":{"start":{"line":24,"column":12},"end":{"line":34,"column":13}},"7":{"start":{"line":25,"column":16},"end":{"line":28,"column":30}},"8":{"start":{"line":30,"column":16},"end":{"line":33,"column":27}},"9":{"start":{"line":37,"column":8},"end":{"line":39,"column":21}},"10":{"start":{"line":40,"column":8},"end":{"line":53,"column":9}},"11":{"start":{"line":43,"column":12},"end":{"line":46,"column":14}},"12":{"start":{"line":47,"column":12},"end":{"line":47,"column":18}},"13":{"start":{"line":50,"column":12},"end":{"line":51,"column":33}},"14":{"start":{"line":52,"column":12},"end":{"line":52,"column":18}},"15":{"start":{"line":55,"column":8},"end":{"line":55,"column":35}},"16":{"start":{"line":61,"column":4},"end":{"line":63,"column":9}},"17":{"start":{"line":62,"column":8},"end":{"line":62,"column":15}},"18":{"start":{"line":64,"column":4},"end":{"line":77,"column":5}},"19":{"start":{"line":70,"column":8},"end":{"line":70,"column":14}},"20":{"start":{"line":76,"column":8},"end":{"line":76,"column":14}},"21":{"start":{"line":82,"column":4},"end":{"line":84,"column":9}},"22":{"start":{"line":83,"column":8},"end":{"line":83,"column":15}},"23":{"start":{"line":85,"column":4},"end":{"line":194,"column":5}},"24":{"start":{"line":91,"column":8},"end":{"line":99,"column":10}},"25":{"start":{"line":98,"column":12},"end":{"line":98,"column":35}},"26":{"start":{"line":102,"column":8},"end":{"line":104,"column":63}},"27":{"start":{"line":105,"column":8},"end":{"line":105,"column":14}},"28":{"start":{"line":112,"column":8},"end":{"line":121,"column":10},"skip":true},"29":{"start":{"line":119,"column":12},"end":{"line":119,"column":55},"skip":true},"30":{"start":{"line":120,"column":12},"end":{"line":120,"column":48},"skip":true},"31":{"start":{"line":123,"column":8},"end":{"line":136,"column":10},"skip":true},"32":{"start":{"line":130,"column":12},"end":{"line":130,"column":76},"skip":true},"33":{"start":{"line":131,"column":12},"end":{"line":131,"column":73},"skip":true},"34":{"start":{"line":132,"column":12},"end":{"line":132,"column":74},"skip":true},"35":{"start":{"line":133,"column":12},"end":{"line":133,"column":79},"skip":true},"36":{"start":{"line":134,"column":12},"end":{"line":134,"column":25},"skip":true},"37":{"start":{"line":135,"column":12},"end":{"line":135,"column":45},"skip":true},"38":{"start":{"line":138,"column":8},"end":{"line":145,"column":14},"skip":true},"39":{"start":{"line":143,"column":16},"end":{"line":143,"column":29},"skip":true},"40":{"start":{"line":144,"column":16},"end":{"line":144,"column":55},"skip":true},"41":{"start":{"line":147,"column":8},"end":{"line":156,"column":10},"skip":true},"42":{"start":{"line":154,"column":12},"end":{"line":154,"column":25},"skip":true},"43":{"start":{"line":155,"column":12},"end":{"line":155,"column":45},"skip":true},"44":{"start":{"line":158,"column":8},"end":{"line":167,"column":10},"skip":true},"45":{"start":{"line":165,"column":12},"end":{"line":165,"column":25},"skip":true},"46":{"start":{"line":166,"column":12},"end":{"line":166,"column":48},"skip":true},"47":{"start":{"line":169,"column":8},"end":{"line":178,"column":10},"skip":true},"48":{"start":{"line":176,"column":12},"end":{"line":176,"column":25},"skip":true},"49":{"start":{"line":177,"column":12},"end":{"line":177,"column":46},"skip":true},"50":{"start":{"line":180,"column":8},"end":{"line":189,"column":10},"skip":true},"51":{"start":{"line":187,"column":12},"end":{"line":187,"column":94},"skip":true},"52":{"start":{"line":188,"column":12},"end":{"line":188,"column":48},"skip":true},"53":{"start":{"line":192,"column":8},"end":{"line":192,"column":35},"skip":true},"54":{"start":{"line":193,"column":8},"end":{"line":193,"column":14},"skip":true}},"branchMap":{"1":{"line":25,"type":"binary-expr","locations":[{"start":{"line":25,"column":23},"end":{"line":25,"column":62}},{"start":{"line":26,"column":20},"end":{"line":26,"column":70}},{"start":{"line":27,"column":20},"end":{"line":27,"column":71}},{"start":{"line":28,"column":20},"end":{"line":28,"column":29}}]},"2":{"line":30,"type":"binary-expr","locations":[{"start":{"line":30,"column":23},"end":{"line":30,"column":37}},{"start":{"line":31,"column":20},"end":{"line":31,"column":61}},{"start":{"line":32,"column":20},"end":{"line":32,"column":70}},{"start":{"line":33,"column":20},"end":{"line":33,"column":26}}]},"3":{"line":37,"type":"cond-expr","locations":[{"start":{"line":38,"column":14},"end":{"line":38,"column":20}},{"start":{"line":39,"column":14},"end":{"line":39,"column":20}}]},"4":{"line":40,"type":"switch","locations":[{"start":{"line":42,"column":8},"end":{"line":47,"column":18}},{"start":{"line":49,"column":8},"end":{"line":52,"column":18}}]},"5":{"line":44,"type":"binary-expr","locations":[{"start":{"line":44,"column":16},"end":{"line":44,"column":44}},{"start":{"line":44,"column":48},"end":{"line":44,"column":66}}]},"6":{"line":50,"type":"binary-expr","locations":[{"start":{"line":50,"column":21},"end":{"line":50,"column":49}},{"start":{"line":50,"column":53},"end":{"line":50,"column":72}}]},"7":{"line":64,"type":"switch","locations":[{"start":{"line":69,"column":4},"end":{"line":70,"column":14}},{"start":{"line":75,"column":4},"end":{"line":76,"column":14}}]},"8":{"line":85,"type":"switch","locations":[{"start":{"line":90,"column":4},"end":{"line":105,"column":14}},{"start":{"line":111,"column":4},"end":{"line":193,"column":14},"skip":true}]},"9":{"line":91,"type":"binary-expr","locations":[{"start":{"line":91,"column":42},"end":{"line":91,"column":73}},{"start":{"line":91,"column":77},"end":{"line":99,"column":9}}]},"10":{"line":102,"type":"binary-expr","locations":[{"start":{"line":102,"column":18},"end":{"line":102,"column":32}},{"start":{"line":103,"column":12},"end":{"line":103,"column":53}},{"start":{"line":104,"column":12},"end":{"line":104,"column":61}}]},"11":{"line":112,"type":"binary-expr","locations":[{"start":{"line":112,"column":45},"end":{"line":112,"column":79},"skip":true},{"start":{"line":112,"column":83},"end":{"line":121,"column":9},"skip":true}]},"12":{"line":123,"type":"binary-expr","locations":[{"start":{"line":123,"column":42},"end":{"line":123,"column":73},"skip":true},{"start":{"line":123,"column":77},"end":{"line":136,"column":9},"skip":true}]},"13":{"line":138,"type":"binary-expr","locations":[{"start":{"line":138,"column":48},"end":{"line":138,"column":85},"skip":true},{"start":{"line":139,"column":12},"end":{"line":145,"column":13},"skip":true}]},"14":{"line":147,"type":"binary-expr","locations":[{"start":{"line":147,"column":42},"end":{"line":147,"column":73},"skip":true},{"start":{"line":147,"column":77},"end":{"line":156,"column":9},"skip":true}]},"15":{"line":158,"type":"binary-expr","locations":[{"start":{"line":158,"column":45},"end":{"line":158,"column":79},"skip":true},{"start":{"line":158,"column":83},"end":{"line":167,"column":9},"skip":true}]},"16":{"line":169,"type":"binary-expr","locations":[{"start":{"line":169,"column":43},"end":{"line":169,"column":75},"skip":true},{"start":{"line":169,"column":79},"end":{"line":178,"column":9},"skip":true}]},"17":{"line":180,"type":"binary-expr","locations":[{"start":{"line":180,"column":41},"end":{"line":180,"column":71},"skip":true},{"start":{"line":180,"column":75},"end":{"line":189,"column":9},"skip":true}]}},"code":["/* istanbul instrument in package npmtest_docker_cmd */","/*jslint","    bitwise: true,","    browser: true,","    maxerr: 8,","    maxlen: 96,","    node: true,","    nomen: true,","    regexp: true,","    stupid: true","*/","(function () {","    'use strict';","    var local;","","","","    // run shared js-env code - init-before","    (function () {","        // init local","        local = {};","        // init modeJs","        local.modeJs = (function () {","            try {","                return typeof navigator.userAgent === 'string' &&","                    typeof document.querySelector('body') === 'object' &&","                    typeof XMLHttpRequest.prototype.open === 'function' &&","                    'browser';","            } catch (errorCaughtBrowser) {","                return module.exports &&","                    typeof process.versions.node === 'string' &&","                    typeof require('http').createServer === 'function' &&","                    'node';","            }","        }());","        // init global","        local.global = local.modeJs === 'browser'","            ? window","            : global;","        switch (local.modeJs) {","        // re-init local from window.local","        case 'browser':","            local = local.global.utility2.objectSetDefault(","                local.global.utility2_rollup || local.global.local,","                local.global.utility2","            );","            break;","        // re-init local from example.js","        case 'node':","            local = (local.global.utility2_rollup || require('utility2'))","                .requireReadme();","            break;","        }","        // export local","        local.global.local = local;","    }());","","","","    // run shared js-env code - function","    (function () {","        return;","    }());","    switch (local.modeJs) {","","","","    // run browser js-env code - function","    case 'browser':","        break;","","","","    // run node js-env code - function","    case 'node':","        break;","    }","","","","    // run shared js-env code - init-after","    (function () {","        return;","    }());","    switch (local.modeJs) {","","","","    // run browser js-env code - init-after","    case 'browser':","        local.testCase_browser_nullCase = local.testCase_browser_nullCase || function (","            options,","            onError","        ) {","        /*","         * this function will test browsers's null-case handling-behavior-behavior","         */","            onError(null, options);","        };","","        // run tests","        local.nop(local.modeTest &&","            document.querySelector('#testRunButton1') &&","            document.querySelector('#testRunButton1').click());","        break;","","","","    // run node js-env code - init-after","    /* istanbul ignore next */","    case 'node':","        local.testCase_buildApidoc_default = local.testCase_buildApidoc_default || function (","            options,","            onError","        ) {","        /*","         * this function will test buildApidoc's default handling-behavior-behavior","         */","            options = { modulePathList: module.paths };","            local.buildApidoc(options, onError);","        };","","        local.testCase_buildApp_default = local.testCase_buildApp_default || function (","            options,","            onError","        ) {","        /*","         * this function will test buildApp's default handling-behavior-behavior","         */","            local.testCase_buildReadme_default(options, local.onErrorThrow);","            local.testCase_buildLib_default(options, local.onErrorThrow);","            local.testCase_buildTest_default(options, local.onErrorThrow);","            local.testCase_buildCustomOrg_default(options, local.onErrorThrow);","            options = [];","            local.buildApp(options, onError);","        };","","        local.testCase_buildCustomOrg_default = local.testCase_buildCustomOrg_default ||","            function (options, onError) {","            /*","             * this function will test buildCustomOrg's default handling-behavior","             */","                options = {};","                local.buildCustomOrg(options, onError);","            };","","        local.testCase_buildLib_default = local.testCase_buildLib_default || function (","            options,","            onError","        ) {","        /*","         * this function will test buildLib's default handling-behavior","         */","            options = {};","            local.buildLib(options, onError);","        };","","        local.testCase_buildReadme_default = local.testCase_buildReadme_default || function (","            options,","            onError","        ) {","        /*","         * this function will test buildReadme's default handling-behavior-behavior","         */","            options = {};","            local.buildReadme(options, onError);","        };","","        local.testCase_buildTest_default = local.testCase_buildTest_default || function (","            options,","            onError","        ) {","        /*","         * this function will test buildTest's default handling-behavior","         */","            options = {};","            local.buildTest(options, onError);","        };","","        local.testCase_webpage_default = local.testCase_webpage_default || function (","            options,","            onError","        ) {","        /*","         * this function will test webpage's default handling-behavior","         */","            options = { modeCoverageMerge: true, url: local.serverLocalHost + '?modeTest=1' };","            local.browserTest(options, onError);","        };","","        // run test-server","        local.testRunServer(local);","        break;","    }","}());",""],"l":{"12":2,"14":2,"19":2,"21":2,"23":2,"24":2,"25":2,"30":1,"37":2,"40":2,"43":1,"47":1,"50":1,"52":1,"55":2,"61":2,"62":2,"64":2,"70":1,"76":1,"82":2,"83":2,"85":2,"91":1,"98":1,"102":1,"105":1,"112":1,"119":1,"120":1,"123":1,"130":1,"131":1,"132":1,"133":1,"134":1,"135":1,"138":1,"143":2,"144":2,"147":1,"154":2,"155":2,"158":1,"165":2,"166":2,"169":1,"176":2,"177":2,"180":1,"187":1,"188":1,"192":1,"193":1}},"/home/travis/build/npmtest/node-npmtest-docker-cmd/lib.npmtest_docker_cmd.js":{"path":"/home/travis/build/npmtest/node-npmtest-docker-cmd/lib.npmtest_docker_cmd.js","s":{"1":2,"2":2,"3":2,"4":2,"5":2,"6":2,"7":2,"8":1,"9":2,"10":2,"11":2,"12":2,"13":1,"14":1,"15":1,"16":1},"b":{"1":[2,1,1,1],"2":[1,1,1,1],"3":[1,1],"4":[2,2],"5":[1,1]},"f":{"1":2,"2":2,"3":2},"fnMap":{"1":{"name":"(anonymous_1)","line":12,"loc":{"start":{"line":12,"column":1},"end":{"line":12,"column":13}}},"2":{"name":"(anonymous_2)","line":19,"loc":{"start":{"line":19,"column":5},"end":{"line":19,"column":17}}},"3":{"name":"(anonymous_3)","line":23,"loc":{"start":{"line":23,"column":24},"end":{"line":23,"column":36}}}},"statementMap":{"1":{"start":{"line":12,"column":0},"end":{"line":53,"column":5}},"2":{"start":{"line":14,"column":4},"end":{"line":14,"column":14}},"3":{"start":{"line":19,"column":4},"end":{"line":52,"column":9}},"4":{"start":{"line":21,"column":8},"end":{"line":21,"column":19}},"5":{"start":{"line":23,"column":8},"end":{"line":35,"column":13}},"6":{"start":{"line":24,"column":12},"end":{"line":34,"column":13}},"7":{"start":{"line":25,"column":16},"end":{"line":28,"column":30}},"8":{"start":{"line":30,"column":16},"end":{"line":33,"column":27}},"9":{"start":{"line":37,"column":8},"end":{"line":39,"column":21}},"10":{"start":{"line":41,"column":8},"end":{"line":41,"column":54}},"11":{"start":{"line":43,"column":8},"end":{"line":43,"column":55}},"12":{"start":{"line":45,"column":8},"end":{"line":51,"column":9}},"13":{"start":{"line":46,"column":12},"end":{"line":46,"column":61}},"14":{"start":{"line":48,"column":12},"end":{"line":48,"column":35}},"15":{"start":{"line":49,"column":12},"end":{"line":49,"column":49}},"16":{"start":{"line":50,"column":12},"end":{"line":50,"column":43}}},"branchMap":{"1":{"line":25,"type":"binary-expr","locations":[{"start":{"line":25,"column":23},"end":{"line":25,"column":62}},{"start":{"line":26,"column":20},"end":{"line":26,"column":70}},{"start":{"line":27,"column":20},"end":{"line":27,"column":71}},{"start":{"line":28,"column":20},"end":{"line":28,"column":29}}]},"2":{"line":30,"type":"binary-expr","locations":[{"start":{"line":30,"column":23},"end":{"line":30,"column":37}},{"start":{"line":31,"column":20},"end":{"line":31,"column":61}},{"start":{"line":32,"column":20},"end":{"line":32,"column":70}},{"start":{"line":33,"column":20},"end":{"line":33,"column":26}}]},"3":{"line":37,"type":"cond-expr","locations":[{"start":{"line":38,"column":14},"end":{"line":38,"column":20}},{"start":{"line":39,"column":14},"end":{"line":39,"column":20}}]},"4":{"line":41,"type":"binary-expr","locations":[{"start":{"line":41,"column":16},"end":{"line":41,"column":44}},{"start":{"line":41,"column":48},"end":{"line":41,"column":53}}]},"5":{"line":45,"type":"if","locations":[{"start":{"line":45,"column":8},"end":{"line":45,"column":8}},{"start":{"line":45,"column":8},"end":{"line":45,"column":8}}]}},"code":["/* istanbul instrument in package npmtest_docker_cmd */","/*jslint","    bitwise: true,","    browser: true,","    maxerr: 8,","    maxlen: 96,","    node: true,","    nomen: true,","    regexp: true,","    stupid: true","*/","(function () {","    'use strict';","    var local;","","","","    // run shared js-env code - init-before","    (function () {","        // init local","        local = {};","        // init modeJs","        local.modeJs = (function () {","            try {","                return typeof navigator.userAgent === 'string' &&","                    typeof document.querySelector('body') === 'object' &&","                    typeof XMLHttpRequest.prototype.open === 'function' &&","                    'browser';","            } catch (errorCaughtBrowser) {","                return module.exports &&","                    typeof process.versions.node === 'string' &&","                    typeof require('http').createServer === 'function' &&","                    'node';","            }","        }());","        // init global","        local.global = local.modeJs === 'browser'","            ? window","            : global;","        // init utility2_rollup","        local = local.global.utility2_rollup || local;","        // init lib","        local.local = local.npmtest_docker_cmd = local;","        // init exports","        if (local.modeJs === 'browser') {","            local.global.utility2_npmtest_docker_cmd = local;","        } else {","            module.exports = local;","            module.exports.__dirname = __dirname;","            module.exports.module = module;","        }","    }());","}());",""],"l":{"12":2,"14":2,"19":2,"21":2,"23":2,"24":2,"25":2,"30":1,"37":2,"41":2,"43":2,"45":2,"46":1,"48":1,"49":1,"50":1}},"/home/travis/build/npmtest/node-npmtest-docker-cmd/example.js":{"path":"/home/travis/build/npmtest/node-npmtest-docker-cmd/example.js","s":{"1":2,"2":2,"3":2,"4":2,"5":2,"6":2,"7":2,"8":1,"9":2,"10":2,"11":2,"12":2,"13":1,"14":2,"15":2,"16":2,"17":2,"18":2,"19":0,"20":2,"21":1,"22":1,"23":1,"24":1,"25":1,"26":0,"27":0,"28":1,"29":1,"30":2,"31":0,"32":0,"33":0,"34":1,"35":2,"36":2,"37":3,"38":3,"39":3,"40":3,"41":0,"42":3,"43":3,"44":3,"45":1,"46":3,"47":1,"48":1,"49":1,"50":1,"51":1,"52":1,"53":1,"54":1,"55":1,"56":1,"57":0,"58":1,"59":6,"60":6,"61":1,"62":2,"63":0,"64":2,"65":1,"66":1,"67":0,"68":0,"69":0,"70":0,"71":0,"72":0,"73":0,"74":0,"75":0,"76":0,"77":0,"78":0,"79":0,"80":0,"81":0,"82":0,"83":0},"b":{"1":[2,1,1,1],"2":[1,1,1,1],"3":[1,1],"4":[2,2],"5":[1,1],"6":[1,1],"7":[2,0],"8":[2,1,1,1,1,1],"9":[0,2,0],"10":[1,1],"11":[2,1,1],"12":[1,0],"13":[0,2],"14":[2,0,0,0,0,0,0],"15":[0,3],"16":[3,0],"17":[1,1],"18":[0,1],"19":[1,2,0,2],"20":[1,0],"21":[1,1],"22":[0,0],"23":[0,0],"24":[0,0],"25":[0,0],"26":[0,0],"27":[0,0],"28":[0,0]},"f":{"1":2,"2":2,"3":2,"4":2,"5":2,"6":2,"7":3,"8":3,"9":3,"10":1,"11":6,"12":0},"fnMap":{"1":{"name":"(anonymous_1)","line":26,"loc":{"start":{"line":26,"column":1},"end":{"line":26,"column":13}}},"2":{"name":"(anonymous_2)","line":33,"loc":{"start":{"line":33,"column":5},"end":{"line":33,"column":17}}},"3":{"name":"(anonymous_3)","line":37,"loc":{"start":{"line":37,"column":24},"end":{"line":37,"column":36}}},"4":{"name":"(anonymous_4)","line":69,"loc":{"start":{"line":69,"column":31},"end":{"line":69,"column":48}},"skip":true},"5":{"name":"(anonymous_5)","line":78,"loc":{"start":{"line":78,"column":26},"end":{"line":78,"column":45}},"skip":true},"6":{"name":"(anonymous_6)","line":123,"loc":{"start":{"line":123,"column":33},"end":{"line":123,"column":48}},"skip":true},"7":{"name":"(anonymous_7)","line":125,"loc":{"start":{"line":125,"column":27},"end":{"line":125,"column":39}},"skip":true},"8":{"name":"(anonymous_8)","line":133,"loc":{"start":{"line":133,"column":59},"end":{"line":133,"column":74}},"skip":true},"9":{"name":"(anonymous_9)","line":143,"loc":{"start":{"line":143,"column":45},"end":{"line":143,"column":62}},"skip":true},"10":{"name":"(anonymous_10)","line":144,"loc":{"start":{"line":144,"column":73},"end":{"line":144,"column":92}},"skip":true},"11":{"name":"(anonymous_11)","line":272,"loc":{"start":{"line":272,"column":51},"end":{"line":272,"column":77}},"skip":true},"12":{"name":"(anonymous_12)","line":315,"loc":{"start":{"line":315,"column":32},"end":{"line":315,"column":61}},"skip":true}},"statementMap":{"1":{"start":{"line":26,"column":0},"end":{"line":326,"column":5}},"2":{"start":{"line":28,"column":4},"end":{"line":28,"column":14}},"3":{"start":{"line":33,"column":4},"end":{"line":60,"column":9}},"4":{"start":{"line":35,"column":8},"end":{"line":35,"column":19}},"5":{"start":{"line":37,"column":8},"end":{"line":49,"column":13}},"6":{"start":{"line":38,"column":12},"end":{"line":48,"column":13}},"7":{"start":{"line":39,"column":16},"end":{"line":42,"column":30}},"8":{"start":{"line":44,"column":16},"end":{"line":47,"column":27}},"9":{"start":{"line":51,"column":8},"end":{"line":53,"column":21}},"10":{"start":{"line":55,"column":8},"end":{"line":57,"column":45}},"11":{"start":{"line":59,"column":8},"end":{"line":59,"column":35}},"12":{"start":{"line":61,"column":4},"end":{"line":325,"column":5}},"13":{"start":{"line":69,"column":8},"end":{"line":121,"column":10},"skip":true},"14":{"start":{"line":70,"column":12},"end":{"line":88,"column":13},"skip":true},"15":{"start":{"line":76,"column":16},"end":{"line":87,"column":19},"skip":true},"16":{"start":{"line":79,"column":20},"end":{"line":86,"column":21},"skip":true},"17":{"start":{"line":82,"column":24},"end":{"line":82,"column":43},"skip":true},"18":{"start":{"line":83,"column":24},"end":{"line":83,"column":30},"skip":true},"19":{"start":{"line":85,"column":24},"end":{"line":85,"column":49},"skip":true},"20":{"start":{"line":89,"column":12},"end":{"line":107,"column":13},"skip":true},"21":{"start":{"line":92,"column":16},"end":{"line":102,"column":17},"skip":true},"22":{"start":{"line":93,"column":20},"end":{"line":93,"column":86},"skip":true},"23":{"start":{"line":94,"column":20},"end":{"line":95,"column":45},"skip":true},"24":{"start":{"line":96,"column":20},"end":{"line":96,"column":42},"skip":true},"25":{"start":{"line":97,"column":20},"end":{"line":97,"column":48},"skip":true},"26":{"start":{"line":100,"column":20},"end":{"line":100,"column":85},"skip":true},"27":{"start":{"line":101,"column":20},"end":{"line":101,"column":96},"skip":true},"28":{"start":{"line":103,"column":16},"end":{"line":103,"column":22},"skip":true},"29":{"start":{"line":106,"column":16},"end":{"line":106,"column":22},"skip":true},"30":{"start":{"line":108,"column":12},"end":{"line":120,"column":13},"skip":true},"31":{"start":{"line":114,"column":16},"end":{"line":119,"column":17},"skip":true},"32":{"start":{"line":116,"column":20},"end":{"line":116,"column":78},"skip":true},"33":{"start":{"line":118,"column":20},"end":{"line":118,"column":47},"skip":true},"34":{"start":{"line":123,"column":8},"end":{"line":141,"column":11},"skip":true},"35":{"start":{"line":124,"column":12},"end":{"line":124,"column":54},"skip":true},"36":{"start":{"line":125,"column":12},"end":{"line":140,"column":14},"skip":true},"37":{"start":{"line":126,"column":16},"end":{"line":126,"column":28},"skip":true},"38":{"start":{"line":127,"column":16},"end":{"line":127,"column":69},"skip":true},"39":{"start":{"line":128,"column":16},"end":{"line":128,"column":75},"skip":true},"40":{"start":{"line":129,"column":16},"end":{"line":131,"column":17},"skip":true},"41":{"start":{"line":130,"column":20},"end":{"line":130,"column":27},"skip":true},"42":{"start":{"line":133,"column":16},"end":{"line":137,"column":36},"skip":true},"43":{"start":{"line":134,"column":20},"end":{"line":136,"column":55},"skip":true},"44":{"start":{"line":139,"column":16},"end":{"line":139,"column":57},"skip":true},"45":{"start":{"line":143,"column":8},"end":{"line":147,"column":11},"skip":true},"46":{"start":{"line":144,"column":12},"end":{"line":146,"column":15},"skip":true},"47":{"start":{"line":145,"column":16},"end":{"line":145,"column":70},"skip":true},"48":{"start":{"line":149,"column":8},"end":{"line":149,"column":31},"skip":true},"49":{"start":{"line":150,"column":8},"end":{"line":150,"column":14},"skip":true},"50":{"start":{"line":158,"column":8},"end":{"line":158,"column":31},"skip":true},"51":{"start":{"line":160,"column":8},"end":{"line":160,"column":33},"skip":true},"52":{"start":{"line":161,"column":8},"end":{"line":161,"column":37},"skip":true},"53":{"start":{"line":162,"column":8},"end":{"line":162,"column":35},"skip":true},"54":{"start":{"line":164,"column":8},"end":{"line":164,"column":50},"skip":true},"55":{"start":{"line":166,"column":8},"end":{"line":256,"column":2},"skip":true},"56":{"start":{"line":258,"column":8},"end":{"line":286,"column":9},"skip":true},"57":{"start":{"line":259,"column":12},"end":{"line":269,"column":14},"skip":true},"58":{"start":{"line":271,"column":12},"end":{"line":285,"column":19},"skip":true},"59":{"start":{"line":274,"column":20},"end":{"line":274,"column":35},"skip":true},"60":{"start":{"line":275,"column":20},"end":{"line":284,"column":21},"skip":true},"61":{"start":{"line":277,"column":24},"end":{"line":277,"column":64},"skip":true},"62":{"start":{"line":279,"column":24},"end":{"line":279,"column":40},"skip":true},"63":{"start":{"line":281,"column":24},"end":{"line":281,"column":40},"skip":true},"64":{"start":{"line":283,"column":24},"end":{"line":283,"column":39},"skip":true},"65":{"start":{"line":288,"column":8},"end":{"line":290,"column":9},"skip":true},"66":{"start":{"line":289,"column":12},"end":{"line":289,"column":18},"skip":true},"67":{"start":{"line":291,"column":8},"end":{"line":293,"column":54},"skip":true},"68":{"start":{"line":296,"column":8},"end":{"line":301,"column":37},"skip":true},"69":{"start":{"line":303,"column":8},"end":{"line":303,"column":82},"skip":true},"70":{"start":{"line":306,"column":8},"end":{"line":308,"column":9},"skip":true},"71":{"start":{"line":307,"column":12},"end":{"line":307,"column":82},"skip":true},"72":{"start":{"line":310,"column":8},"end":{"line":312,"column":9},"skip":true},"73":{"start":{"line":311,"column":12},"end":{"line":311,"column":18},"skip":true},"74":{"start":{"line":313,"column":8},"end":{"line":313,"column":54},"skip":true},"75":{"start":{"line":314,"column":8},"end":{"line":314,"column":69},"skip":true},"76":{"start":{"line":315,"column":8},"end":{"line":323,"column":36},"skip":true},"77":{"start":{"line":316,"column":12},"end":{"line":316,"column":61},"skip":true},"78":{"start":{"line":317,"column":12},"end":{"line":320,"column":13},"skip":true},"79":{"start":{"line":318,"column":16},"end":{"line":318,"column":75},"skip":true},"80":{"start":{"line":319,"column":16},"end":{"line":319,"column":23},"skip":true},"81":{"start":{"line":321,"column":12},"end":{"line":321,"column":38},"skip":true},"82":{"start":{"line":322,"column":12},"end":{"line":322,"column":27},"skip":true},"83":{"start":{"line":324,"column":8},"end":{"line":324,"column":14},"skip":true}},"branchMap":{"1":{"line":39,"type":"binary-expr","locations":[{"start":{"line":39,"column":23},"end":{"line":39,"column":62}},{"start":{"line":40,"column":20},"end":{"line":40,"column":70}},{"start":{"line":41,"column":20},"end":{"line":41,"column":71}},{"start":{"line":42,"column":20},"end":{"line":42,"column":29}}]},"2":{"line":44,"type":"binary-expr","locations":[{"start":{"line":44,"column":23},"end":{"line":44,"column":37}},{"start":{"line":45,"column":20},"end":{"line":45,"column":61}},{"start":{"line":46,"column":20},"end":{"line":46,"column":70}},{"start":{"line":47,"column":20},"end":{"line":47,"column":26}}]},"3":{"line":51,"type":"cond-expr","locations":[{"start":{"line":52,"column":14},"end":{"line":52,"column":20}},{"start":{"line":53,"column":14},"end":{"line":53,"column":20}}]},"4":{"line":55,"type":"binary-expr","locations":[{"start":{"line":55,"column":16},"end":{"line":55,"column":44}},{"start":{"line":55,"column":49},"end":{"line":57,"column":43}}]},"5":{"line":55,"type":"cond-expr","locations":[{"start":{"line":56,"column":14},"end":{"line":56,"column":54}},{"start":{"line":57,"column":14},"end":{"line":57,"column":43}}]},"6":{"line":61,"type":"switch","locations":[{"start":{"line":68,"column":4},"end":{"line":150,"column":14},"skip":true},{"start":{"line":156,"column":4},"end":{"line":324,"column":14},"skip":true}]},"7":{"line":70,"type":"if","locations":[{"start":{"line":70,"column":12},"end":{"line":70,"column":12},"skip":true},{"start":{"line":70,"column":12},"end":{"line":70,"column":12},"skip":true}]},"8":{"line":70,"type":"binary-expr","locations":[{"start":{"line":70,"column":16},"end":{"line":70,"column":22},"skip":true},{"start":{"line":70,"column":27},"end":{"line":70,"column":32},"skip":true},{"start":{"line":71,"column":20},"end":{"line":71,"column":39},"skip":true},{"start":{"line":72,"column":20},"end":{"line":72,"column":49},"skip":true},{"start":{"line":73,"column":20},"end":{"line":73,"column":58},"skip":true},{"start":{"line":74,"column":20},"end":{"line":74,"column":69},"skip":true}]},"9":{"line":79,"type":"switch","locations":[{"start":{"line":80,"column":20},"end":{"line":80,"column":33},"skip":true},{"start":{"line":81,"column":20},"end":{"line":83,"column":30},"skip":true},{"start":{"line":84,"column":20},"end":{"line":85,"column":49},"skip":true}]},"10":{"line":89,"type":"switch","locations":[{"start":{"line":90,"column":12},"end":{"line":103,"column":22},"skip":true},{"start":{"line":105,"column":12},"end":{"line":106,"column":22},"skip":true}]},"11":{"line":89,"type":"binary-expr","locations":[{"start":{"line":89,"column":20},"end":{"line":89,"column":25},"skip":true},{"start":{"line":89,"column":29},"end":{"line":89,"column":48},"skip":true},{"start":{"line":89,"column":52},"end":{"line":89,"column":74},"skip":true}]},"12":{"line":92,"type":"if","locations":[{"start":{"line":92,"column":16},"end":{"line":92,"column":16},"skip":true},{"start":{"line":92,"column":16},"end":{"line":92,"column":16},"skip":true}]},"13":{"line":108,"type":"if","locations":[{"start":{"line":108,"column":12},"end":{"line":108,"column":12},"skip":true},{"start":{"line":108,"column":12},"end":{"line":108,"column":12},"skip":true}]},"14":{"line":108,"type":"binary-expr","locations":[{"start":{"line":108,"column":16},"end":{"line":108,"column":61},"skip":true},{"start":{"line":108,"column":66},"end":{"line":108,"column":72},"skip":true},{"start":{"line":108,"column":77},"end":{"line":108,"column":82},"skip":true},{"start":{"line":109,"column":20},"end":{"line":109,"column":39},"skip":true},{"start":{"line":110,"column":20},"end":{"line":110,"column":49},"skip":true},{"start":{"line":111,"column":20},"end":{"line":111,"column":58},"skip":true},{"start":{"line":112,"column":20},"end":{"line":112,"column":68},"skip":true}]},"15":{"line":129,"type":"if","locations":[{"start":{"line":129,"column":16},"end":{"line":129,"column":16},"skip":true},{"start":{"line":129,"column":16},"end":{"line":129,"column":16},"skip":true}]},"16":{"line":134,"type":"cond-expr","locations":[{"start":{"line":135,"column":26},"end":{"line":135,"column":29},"skip":true},{"start":{"line":136,"column":26},"end":{"line":136,"column":54},"skip":true}]},"17":{"line":164,"type":"binary-expr","locations":[{"start":{"line":164,"column":27},"end":{"line":164,"column":43},"skip":true},{"start":{"line":164,"column":47},"end":{"line":164,"column":49},"skip":true}]},"18":{"line":258,"type":"if","locations":[{"start":{"line":258,"column":8},"end":{"line":258,"column":8},"skip":true},{"start":{"line":258,"column":8},"end":{"line":258,"column":8},"skip":true}]},"19":{"line":275,"type":"switch","locations":[{"start":{"line":276,"column":20},"end":{"line":277,"column":64},"skip":true},{"start":{"line":278,"column":20},"end":{"line":279,"column":40},"skip":true},{"start":{"line":280,"column":20},"end":{"line":281,"column":40},"skip":true},{"start":{"line":282,"column":20},"end":{"line":283,"column":39},"skip":true}]},"20":{"line":288,"type":"if","locations":[{"start":{"line":288,"column":8},"end":{"line":288,"column":8},"skip":true},{"start":{"line":288,"column":8},"end":{"line":288,"column":8},"skip":true}]},"21":{"line":288,"type":"binary-expr","locations":[{"start":{"line":288,"column":12},"end":{"line":288,"column":40},"skip":true},{"start":{"line":288,"column":44},"end":{"line":288,"column":67},"skip":true}]},"22":{"line":292,"type":"binary-expr","locations":[{"start":{"line":292,"column":12},"end":{"line":292,"column":50},"skip":true},{"start":{"line":293,"column":12},"end":{"line":293,"column":53},"skip":true}]},"23":{"line":297,"type":"binary-expr","locations":[{"start":{"line":297,"column":12},"end":{"line":297,"column":68},"skip":true},{"start":{"line":298,"column":12},"end":{"line":301,"column":36},"skip":true}]},"24":{"line":303,"type":"binary-expr","locations":[{"start":{"line":303,"column":43},"end":{"line":303,"column":75},"skip":true},{"start":{"line":303,"column":79},"end":{"line":303,"column":81},"skip":true}]},"25":{"line":306,"type":"if","locations":[{"start":{"line":306,"column":8},"end":{"line":306,"column":8},"skip":true},{"start":{"line":306,"column":8},"end":{"line":306,"column":8},"skip":true}]},"26":{"line":310,"type":"if","locations":[{"start":{"line":310,"column":8},"end":{"line":310,"column":8},"skip":true},{"start":{"line":310,"column":8},"end":{"line":310,"column":8},"skip":true}]},"27":{"line":313,"type":"binary-expr","locations":[{"start":{"line":313,"column":27},"end":{"line":313,"column":43},"skip":true},{"start":{"line":313,"column":47},"end":{"line":313,"column":53},"skip":true}]},"28":{"line":317,"type":"if","locations":[{"start":{"line":317,"column":12},"end":{"line":317,"column":12},"skip":true},{"start":{"line":317,"column":12},"end":{"line":317,"column":12},"skip":true}]}},"code":["/*","example.js","","quickstart example","","instruction","    1. save this script as example.js","    2. run the shell command:","        $ npm install npmtest-docker-cmd && PORT=8081 node example.js","    3. play with the browser-demo on http://127.0.0.1:8081","*/","","","","/* istanbul instrument in package npmtest_docker_cmd */","/*jslint","    bitwise: true,","    browser: true,","    maxerr: 8,","    maxlen: 96,","    node: true,","    nomen: true,","    regexp: true,","    stupid: true","*/","(function () {","    'use strict';","    var local;","","","","    // run shared js-env code - init-before","    (function () {","        // init local","        local = {};","        // init modeJs","        local.modeJs = (function () {","            try {","                return typeof navigator.userAgent === 'string' &&","                    typeof document.querySelector('body') === 'object' &&","                    typeof XMLHttpRequest.prototype.open === 'function' &&","                    'browser';","            } catch (errorCaughtBrowser) {","                return module.exports &&","                    typeof process.versions.node === 'string' &&","                    typeof require('http').createServer === 'function' &&","                    'node';","            }","        }());","        // init global","        local.global = local.modeJs === 'browser'","            ? window","            : global;","        // init utility2_rollup","        local = local.global.utility2_rollup || (local.modeJs === 'browser'","            ? local.global.utility2_npmtest_docker_cmd","            : global.utility2_moduleExports);","        // export local","        local.global.local = local;","    }());","    switch (local.modeJs) {","","","","    // init-after","    // run browser js-env code - init-after","    /* istanbul ignore next */","    case 'browser':","        local.testRunBrowser = function (event) {","            if (!event || (event &&","                    event.currentTarget &&","                    event.currentTarget.className &&","                    event.currentTarget.className.includes &&","                    event.currentTarget.className.includes('onreset'))) {","                // reset output","                Array.from(","                    document.querySelectorAll('body > .resettable')","                ).forEach(function (element) {","                    switch (element.tagName) {","                    case 'INPUT':","                    case 'TEXTAREA':","                        element.value = '';","                        break;","                    default:","                        element.textContent = '';","                    }","                });","            }","            switch (event && event.currentTarget && event.currentTarget.id) {","            case 'testRunButton1':","                // show tests","                if (document.querySelector('#testReportDiv1').style.display === 'none') {","                    document.querySelector('#testReportDiv1').style.display = 'block';","                    document.querySelector('#testRunButton1').textContent =","                        'hide internal test';","                    local.modeTest = true;","                    local.testRunDefault(local);","                // hide tests","                } else {","                    document.querySelector('#testReportDiv1').style.display = 'none';","                    document.querySelector('#testRunButton1').textContent = 'run internal test';","                }","                break;","            // custom-case","            default:","                break;","            }","            if (document.querySelector('#inputTextareaEval1') && (!event || (event &&","                    event.currentTarget &&","                    event.currentTarget.className &&","                    event.currentTarget.className.includes &&","                    event.currentTarget.className.includes('oneval')))) {","                // try to eval input-code","                try {","                    /*jslint evil: true*/","                    eval(document.querySelector('#inputTextareaEval1').value);","                } catch (errorCaught) {","                    console.error(errorCaught);","                }","            }","        };","        // log stderr and stdout to #outputTextareaStdout1","        ['error', 'log'].forEach(function (key) {","            console[key + '_original'] = console[key];","            console[key] = function () {","                var element;","                console[key + '_original'].apply(console, arguments);","                element = document.querySelector('#outputTextareaStdout1');","                if (!element) {","                    return;","                }","                // append text to #outputTextareaStdout1","                element.value += Array.from(arguments).map(function (arg) {","                    return typeof arg === 'string'","                        ? arg","                        : JSON.stringify(arg, null, 4);","                }).join(' ') + '\\n';","                // scroll textarea to bottom","                element.scrollTop = element.scrollHeight;","            };","        });","        // init event-handling","        ['change', 'click', 'keyup'].forEach(function (event) {","            Array.from(document.querySelectorAll('.on' + event)).forEach(function (element) {","                element.addEventListener(event, local.testRunBrowser);","            });","        });","        // run tests","        local.testRunBrowser();","        break;","","","","    // run node js-env code - init-after","    /* istanbul ignore next */","    case 'node':","        // export local","        module.exports = local;","        // require modules","        local.fs = require('fs');","        local.http = require('http');","        local.url = require('url');","        // init assets","        local.assetsDict = local.assetsDict || {};","        /* jslint-ignore-begin */","        local.assetsDict['/assets.index.template.html'] = '\\","<!doctype html>\\n\\","<html lang=\"en\">\\n\\","<head>\\n\\","<meta charset=\"UTF-8\">\\n\\","<meta name=\"viewport\" content=\"width=device-width, initial-scale=1\">\\n\\","<title>{{env.npm_package_name}} (v{{env.npm_package_version}})</title>\\n\\","<style>\\n\\","/*csslint\\n\\","    box-sizing: false,\\n\\","    universal-selector: false\\n\\","*/\\n\\","* {\\n\\","    box-sizing: border-box;\\n\\","}\\n\\","body {\\n\\","    background: #dde;\\n\\","    font-family: Arial, Helvetica, sans-serif;\\n\\","    margin: 2rem;\\n\\","}\\n\\","body > * {\\n\\","    margin-bottom: 1rem;\\n\\","}\\n\\",".utility2FooterDiv {\\n\\","    margin-top: 20px;\\n\\","    text-align: center;\\n\\","}\\n\\","</style>\\n\\","<style>\\n\\","/*csslint\\n\\","*/\\n\\","textarea {\\n\\","    font-family: monospace;\\n\\","    height: 10rem;\\n\\","    width: 100%;\\n\\","}\\n\\","textarea[readonly] {\\n\\","    background: #ddd;\\n\\","}\\n\\","</style>\\n\\","</head>\\n\\","<body>\\n\\","<!-- utility2-comment\\n\\","<div id=\"ajaxProgressDiv1\" style=\"background: #d00; height: 2px; left: 0; margin: 0; padding: 0; position: fixed; top: 0; transition: background 0.5s, width 1.5s; width: 25%;\"></div>\\n\\","utility2-comment -->\\n\\","<h1>\\n\\","<!-- utility2-comment\\n\\","    <a\\n\\","        {{#if env.npm_package_homepage}}\\n\\","        href=\"{{env.npm_package_homepage}}\"\\n\\","        {{/if env.npm_package_homepage}}\\n\\","        target=\"_blank\"\\n\\","    >\\n\\","utility2-comment -->\\n\\","        {{env.npm_package_name}} (v{{env.npm_package_version}})\\n\\","<!-- utility2-comment\\n\\","    </a>\\n\\","utility2-comment -->\\n\\","</h1>\\n\\","<h3>{{env.npm_package_description}}</h3>\\n\\","<!-- utility2-comment\\n\\","<h4><a download href=\"assets.app.js\">download standalone app</a></h4>\\n\\","<button class=\"onclick onreset\" id=\"testRunButton1\">run internal test</button><br>\\n\\","<div id=\"testReportDiv1\" style=\"display: none;\"></div>\\n\\","utility2-comment -->\\n\\","\\n\\","\\n\\","\\n\\","<label>stderr and stdout</label>\\n\\","<textarea class=\"resettable\" id=\"outputTextareaStdout1\" readonly></textarea>\\n\\","<!-- utility2-comment\\n\\","{{#if isRollup}}\\n\\","<script src=\"assets.app.js\"></script>\\n\\","{{#unless isRollup}}\\n\\","utility2-comment -->\\n\\","<script src=\"assets.utility2.rollup.js\"></script>\\n\\","<script src=\"jsonp.utility2._stateInit?callback=window.utility2._stateInit\"></script>\\n\\","<script src=\"assets.npmtest_docker_cmd.rollup.js\"></script>\\n\\","<script src=\"assets.example.js\"></script>\\n\\","<script src=\"assets.test.js\"></script>\\n\\","<!-- utility2-comment\\n\\","{{/if isRollup}}\\n\\","utility2-comment -->\\n\\","<div class=\"utility2FooterDiv\">\\n\\","    [ this app was created with\\n\\","    <a href=\"https://github.com/kaizhu256/node-utility2\" target=\"_blank\">utility2</a>\\n\\","    ]\\n\\","</div>\\n\\","</body>\\n\\","</html>\\n\\","';","        /* jslint-ignore-end */","        if (local.templateRender) {","            local.assetsDict['/'] = local.templateRender(","                local.assetsDict['/assets.index.template.html'],","                {","                    env: local.objectSetDefault(local.env, {","                        npm_package_description: 'the greatest app in the world!',","                        npm_package_name: 'my-app',","                        npm_package_nameAlias: 'my_app',","                        npm_package_version: '0.0.1'","                    })","                }","            );","        } else {","            local.assetsDict['/'] = local.assetsDict['/assets.index.template.html']","                .replace((/\\{\\{env\\.(\\w+?)\\}\\}/g), function (match0, match1) {","                    // jslint-hack","                    String(match0);","                    switch (match1) {","                    case 'npm_package_description':","                        return 'the greatest app in the world!';","                    case 'npm_package_name':","                        return 'my-app';","                    case 'npm_package_nameAlias':","                        return 'my_app';","                    case 'npm_package_version':","                        return '0.0.1';","                    }","                });","        }","        // run the cli","        if (local.global.utility2_rollup || module !== require.main) {","            break;","        }","        local.assetsDict['/assets.example.js'] =","            local.assetsDict['/assets.example.js'] ||","            local.fs.readFileSync(__filename, 'utf8');","        // bug-workaround - long $npm_package_buildCustomOrg","        /* jslint-ignore-begin */","        local.assetsDict['/assets.npmtest_docker_cmd.rollup.js'] =","            local.assetsDict['/assets.npmtest_docker_cmd.rollup.js'] ||","            local.fs.readFileSync(","                local.npmtest_docker_cmd.__dirname + '/lib.npmtest_docker_cmd.js',","                'utf8'","            ).replace((/^#!/), '//');","        /* jslint-ignore-end */","        local.assetsDict['/favicon.ico'] = local.assetsDict['/favicon.ico'] || '';","        // if $npm_config_timeout_exit exists,","        // then exit this process after $npm_config_timeout_exit ms","        if (Number(process.env.npm_config_timeout_exit)) {","            setTimeout(process.exit, Number(process.env.npm_config_timeout_exit));","        }","        // start server","        if (local.global.utility2_serverHttp1) {","            break;","        }","        process.env.PORT = process.env.PORT || '8081';","        console.error('server starting on port ' + process.env.PORT);","        local.http.createServer(function (request, response) {","            request.urlParsed = local.url.parse(request.url);","            if (local.assetsDict[request.urlParsed.pathname] !== undefined) {","                response.end(local.assetsDict[request.urlParsed.pathname]);","                return;","            }","            response.statusCode = 404;","            response.end();","        }).listen(process.env.PORT);","        break;","    }","}());",""],"l":{"26":2,"28":2,"33":2,"35":2,"37":2,"38":2,"39":2,"44":1,"51":2,"55":2,"59":2,"61":2,"69":1,"70":2,"76":2,"79":2,"82":2,"83":2,"85":1,"89":2,"92":1,"93":1,"94":1,"96":1,"97":1,"100":1,"101":1,"103":1,"106":1,"108":2,"114":1,"116":1,"118":1,"123":1,"124":2,"125":2,"126":3,"127":3,"128":3,"129":3,"130":1,"133":3,"134":3,"139":3,"143":1,"144":3,"145":1,"149":1,"150":1,"158":1,"160":1,"161":1,"162":1,"164":1,"166":1,"258":1,"259":1,"271":1,"274":6,"275":6,"277":1,"279":2,"281":1,"283":2,"288":1,"289":1,"291":1,"296":1,"303":1,"306":1,"307":1,"310":1,"311":1,"313":1,"314":1,"315":1,"316":1,"317":1,"318":1,"319":1,"321":1,"322":1,"324":1}},"/home/travis/build/npmtest/node-npmtest-docker-cmd/node_modules/docker-cmd/index.js":{"path":"/home/travis/build/npmtest/node-npmtest-docker-cmd/node_modules/docker-cmd/index.js","s":{"1":1,"2":1},"b":{},"f":{},"fnMap":{},"statementMap":{"1":{"start":{"line":1,"column":0},"end":{"line":1,"column":45}},"2":{"start":{"line":3,"column":0},"end":{"line":3,"column":61}}},"branchMap":{},"code":["module.exports = require(\"./lib/docker-cmd\");","","module.exports.Manager = require(\"./lib/docker-cmd-manager\");"],"l":{"1":1,"3":1}},"/home/travis/build/npmtest/node-npmtest-docker-cmd/node_modules/docker-cmd/lib/docker-cmd.js":{"path":"/home/travis/build/npmtest/node-npmtest-docker-cmd/node_modules/docker-cmd/lib/docker-cmd.js","s":{"1":1,"2":1,"3":1,"4":0,"5":0,"6":0,"7":0,"8":0,"9":0,"10":1,"11":34,"12":34,"13":0,"14":1,"15":34,"16":1,"17":1,"18":0,"19":0,"20":0,"21":0,"22":0,"23":0,"24":0,"25":0,"26":0,"27":0,"28":0,"29":0,"30":0,"31":0,"32":0,"33":0,"34":1},"b":{"1":[0,0],"2":[0,0],"3":[0,0],"4":[0,0],"5":[0,0],"6":[0,0],"7":[0,0],"8":[0,0],"9":[0,0]},"f":{"1":0,"2":0,"3":34,"4":0,"5":34,"6":0,"7":0,"8":0,"9":0},"fnMap":{"1":{"name":"DockerCmd","line":9,"loc":{"start":{"line":9,"column":0},"end":{"line":9,"column":21}}},"2":{"name":"(anonymous_2)","line":24,"loc":{"start":{"line":24,"column":37},"end":{"line":24,"column":100}}},"3":{"name":"(anonymous_3)","line":44,"loc":{"start":{"line":44,"column":44},"end":{"line":44,"column":66}}},"4":{"name":"(anonymous_4)","line":51,"loc":{"start":{"line":51,"column":11},"end":{"line":51,"column":61}}},"5":{"name":"(anonymous_5)","line":92,"loc":{"start":{"line":92,"column":10},"end":{"line":92,"column":33}}},"6":{"name":"appendOptions","line":103,"loc":{"start":{"line":103,"column":0},"end":{"line":103,"column":45}}},"7":{"name":"pushOption","line":104,"loc":{"start":{"line":104,"column":4},"end":{"line":104,"column":49}}},"8":{"name":"(anonymous_8)","line":122,"loc":{"start":{"line":122,"column":36},"end":{"line":122,"column":60}}},"9":{"name":"(anonymous_9)","line":132,"loc":{"start":{"line":132,"column":41},"end":{"line":132,"column":55}}}},"statementMap":{"1":{"start":{"line":3,"column":0},"end":{"line":3,"column":45}},"2":{"start":{"line":9,"column":0},"end":{"line":10,"column":1}},"3":{"start":{"line":24,"column":0},"end":{"line":37,"column":2}},"4":{"start":{"line":26,"column":4},"end":{"line":26,"column":32}},"5":{"start":{"line":29,"column":4},"end":{"line":29,"column":45}},"6":{"start":{"line":31,"column":4},"end":{"line":31,"column":33}},"7":{"start":{"line":33,"column":4},"end":{"line":33,"column":46}},"8":{"start":{"line":35,"column":4},"end":{"line":35,"column":92}},"9":{"start":{"line":36,"column":4},"end":{"line":36,"column":40}},"10":{"start":{"line":44,"column":0},"end":{"line":54,"column":2}},"11":{"start":{"line":45,"column":4},"end":{"line":45,"column":20}},"12":{"start":{"line":51,"column":4},"end":{"line":53,"column":5}},"13":{"start":{"line":52,"column":8},"end":{"line":52,"column":82}},"14":{"start":{"line":57,"column":0},"end":{"line":94,"column":7}},"15":{"start":{"line":93,"column":8},"end":{"line":93,"column":98}},"16":{"start":{"line":103,"column":0},"end":{"line":136,"column":1}},"17":{"start":{"line":104,"column":4},"end":{"line":116,"column":5}},"18":{"start":{"line":105,"column":8},"end":{"line":105,"column":77}},"19":{"start":{"line":106,"column":8},"end":{"line":115,"column":9}},"20":{"start":{"line":108,"column":12},"end":{"line":108,"column":43}},"21":{"start":{"line":109,"column":12},"end":{"line":111,"column":13}},"22":{"start":{"line":110,"column":16},"end":{"line":110,"column":42}},"23":{"start":{"line":114,"column":12},"end":{"line":114,"column":86}},"24":{"start":{"line":117,"column":4},"end":{"line":129,"column":5}},"25":{"start":{"line":118,"column":8},"end":{"line":128,"column":9}},"26":{"start":{"line":119,"column":12},"end":{"line":119,"column":54}},"27":{"start":{"line":120,"column":12},"end":{"line":127,"column":13}},"28":{"start":{"line":122,"column":16},"end":{"line":124,"column":19}},"29":{"start":{"line":123,"column":20},"end":{"line":123,"column":57}},"30":{"start":{"line":126,"column":16},"end":{"line":126,"column":52}},"31":{"start":{"line":131,"column":4},"end":{"line":135,"column":5}},"32":{"start":{"line":132,"column":8},"end":{"line":134,"column":11}},"33":{"start":{"line":133,"column":11},"end":{"line":133,"column":29}},"34":{"start":{"line":138,"column":0},"end":{"line":138,"column":27}}},"branchMap":{"1":{"line":105,"type":"binary-expr","locations":[{"start":{"line":105,"column":27},"end":{"line":105,"column":47}},{"start":{"line":105,"column":51},"end":{"line":105,"column":76}}]},"2":{"line":106,"type":"if","locations":[{"start":{"line":106,"column":8},"end":{"line":106,"column":8}},{"start":{"line":106,"column":8},"end":{"line":106,"column":8}}]},"3":{"line":109,"type":"if","locations":[{"start":{"line":109,"column":12},"end":{"line":109,"column":12}},{"start":{"line":109,"column":12},"end":{"line":109,"column":12}}]},"4":{"line":114,"type":"cond-expr","locations":[{"start":{"line":114,"column":61},"end":{"line":114,"column":78}},{"start":{"line":114,"column":81},"end":{"line":114,"column":83}}]},"5":{"line":118,"type":"if","locations":[{"start":{"line":118,"column":8},"end":{"line":118,"column":8}},{"start":{"line":118,"column":8},"end":{"line":118,"column":8}}]},"6":{"line":118,"type":"binary-expr","locations":[{"start":{"line":118,"column":12},"end":{"line":118,"column":50}},{"start":{"line":118,"column":54},"end":{"line":118,"column":72}}]},"7":{"line":120,"type":"if","locations":[{"start":{"line":120,"column":12},"end":{"line":120,"column":12}},{"start":{"line":120,"column":12},"end":{"line":120,"column":12}}]},"8":{"line":131,"type":"if","locations":[{"start":{"line":131,"column":4},"end":{"line":131,"column":4}},{"start":{"line":131,"column":4},"end":{"line":131,"column":4}}]},"9":{"line":131,"type":"binary-expr","locations":[{"start":{"line":131,"column":8},"end":{"line":131,"column":19}},{"start":{"line":131,"column":23},"end":{"line":131,"column":36}}]}},"code":["'use strict';","","var child_process = require('child_process');","","/**"," * This is a DockerCmd representing \"docker\" command line"," * @constructor"," */","function DockerCmd() {","}","","/**"," * @callback DockerCmd~callback"," * @param {number} dockerProcessExitCode - the docker process exit code (0 if all was OK)"," */","","/**"," * Execute the given <code>commandName</code> with the given <code>dockerOptions</code> and <code>commandOptions</code>."," * @param {string} commandName"," * @param {Options} commandOptions"," * @param {Object} dockerOptions"," * @param {DockerCmd~callback} callback"," */","DockerCmd.prototype.executeCommand = function(commandName, commandOptions, dockerOptions, callback) {","    // put all options in an array to give to \"spawn\" later","    var cmdOptions = ['docker'];","","    // first the docker options to pass before the docker command","    appendOptions(cmdOptions, dockerOptions);","    // then the docker command","    cmdOptions.push(commandName);","    // and finally the command options with potentially final args (using the '_' field)","    appendOptions(cmdOptions, commandOptions);","","    var dockerProcess = child_process.spawn('/usr/bin/env', cmdOptions, {stdio: 'inherit'});","    dockerProcess.on('close', callback);","};","","/**"," * @param {string} commandName"," * @return {function(this:DockerCmd, Options, Object, DockerCmd~callback)}"," * @private"," */","DockerCmd.prototype._createDefaultCommand = function(commandName) {","    var self = this;","    /**","     * @param {Options} commandOptions","     * @param {Object} dockerOptions","     * @param {DockerCmd~callback} callback","     */","    return function(commandOptions, dockerOptions, callback) {","        self.executeCommand(commandName, commandOptions, dockerOptions, callback);","    }","};","","/// Declare all the docker commands","[","    'attach',","    'build',","    'commit',","    'cp',","    'diff',","    'events',","    'export',","    'history',","    'images',","    'import',","    'info',","    'inspect',","    'kill',","    'load',","    'login',","    'logout',","    'logs',","    'port',","    'pause',","    'ps',","    'pull',","    'push',","    'restart',","    'rm',","    'run',","    'save',","    'search',","    'start',","    'stop',","    'tag',","    'top',","    'unpause',","    'version',","    'wait'","].forEach(function (commandName) {","        DockerCmd.prototype[commandName] = DockerCmd.prototype._createDefaultCommand(commandName);","    });","","/**"," * Append each option from the given <code>fromOptions</code> to the given"," * <code>options</code> array, flattening them to pass them later as parameters to a"," * sub call process."," * @param {string[]} options"," * @param {Options} fromOptions"," */","function appendOptions(options, fromOptions) {","    function pushOption(optionName, optionValue) {","        var valueDefined = optionValue !== null && optionValue !== undefined;","        if (optionName.length === 1) {","            // simple letter option","            options.push('-' + optionName);","            if (valueDefined) {","                options.push(optionValue);","            }","        } else {","            // full option name","            options.push('--' + optionName + (valueDefined ? '=' + optionValue : ''));","        }","    }","    for (var optionName in fromOptions) {","        if (fromOptions.hasOwnProperty(optionName) && optionName !== '_') {","            var optionValue = fromOptions[optionName];","            if (Array.isArray(optionValue)) {","                // we have multiple values for the same option, let's iterate on each","                optionValue.forEach(function (iOptionValue) {","                    pushOption(optionName, iOptionValue);","                });","            } else {","                pushOption(optionName, optionValue);","            }","        }","    }","    // now append the \"_\" which are not \"options\" but args","    if (fromOptions && fromOptions._) {","        [].concat(fromOptions._).forEach(function(arg) {","           options.push(arg);","        });","    }","}","","module.exports = DockerCmd;"],"l":{"3":1,"9":1,"24":1,"26":0,"29":0,"31":0,"33":0,"35":0,"36":0,"44":1,"45":34,"51":34,"52":0,"57":1,"93":34,"103":1,"104":1,"105":0,"106":0,"108":0,"109":0,"110":0,"114":0,"117":0,"118":0,"119":0,"120":0,"122":0,"123":0,"126":0,"131":0,"132":0,"133":0,"138":1}},"/home/travis/build/npmtest/node-npmtest-docker-cmd/node_modules/docker-cmd/lib/docker-cmd-manager.js":{"path":"/home/travis/build/npmtest/node-npmtest-docker-cmd/node_modules/docker-cmd/lib/docker-cmd-manager.js","s":{"1":1,"2":1,"3":1,"4":1,"5":1,"6":1,"7":0,"8":0,"9":0,"10":0,"11":0,"12":0,"13":0,"14":0,"15":0,"16":0,"17":0,"18":0,"19":1,"20":0,"21":0,"22":0,"23":0,"24":0,"25":0,"26":0,"27":0,"28":0,"29":0,"30":0,"31":0,"32":0,"33":0,"34":0,"35":0,"36":0,"37":0,"38":0,"39":0,"40":0,"41":0,"42":0,"43":0,"44":0,"45":0,"46":0,"47":1,"48":0,"49":0,"50":0,"51":0,"52":0,"53":0,"54":0,"55":1,"56":0,"57":0,"58":0,"59":0,"60":0,"61":0,"62":0,"63":0,"64":0,"65":0,"66":1,"67":1,"68":0,"69":0,"70":0,"71":0,"72":0,"73":0,"74":0,"75":0,"76":0,"77":0,"78":0,"79":0,"80":0,"81":0,"82":0,"83":1,"84":36,"85":0,"86":0,"87":0,"88":0,"89":0,"90":0,"91":0,"92":0,"93":0,"94":0,"95":0,"96":1,"97":0,"98":0,"99":0,"100":0,"101":0,"102":0,"103":0,"104":0,"105":0,"106":0,"107":0,"108":0,"109":0,"110":0,"111":0,"112":0,"113":0,"114":0,"115":0,"116":0,"117":1,"118":0,"119":1,"120":34,"121":1,"122":37,"123":37,"124":34,"125":1},"b":{"1":[0,0],"2":[0,0],"3":[0,0],"4":[0,0,0],"5":[0,0],"6":[0,0],"7":[0,0],"8":[0,0],"9":[0,0],"10":[0,0],"11":[0,0],"12":[0,0],"13":[0,0],"14":[0,0],"15":[0,0],"16":[0,0,0],"17":[0,0],"18":[0,0],"19":[0,0],"20":[0,0],"21":[0,0],"22":[0,0],"23":[0,0],"24":[0,0],"25":[0,0],"26":[0,0],"27":[0,0],"28":[0,0,0],"29":[0,0],"30":[0,0],"31":[0,0,0],"32":[0,0],"33":[0,0],"34":[0,0],"35":[0,0],"36":[0,0],"37":[0,0],"38":[34,3],"39":[37,37]},"f":{"1":0,"2":0,"3":0,"4":0,"5":0,"6":0,"7":0,"8":36,"9":0,"10":0,"11":0,"12":0,"13":34,"14":37},"fnMap":{"1":{"name":"DockerCmdManager","line":14,"loc":{"start":{"line":14,"column":0},"end":{"line":14,"column":42}}},"2":{"name":"(anonymous_2)","line":38,"loc":{"start":{"line":38,"column":51},"end":{"line":38,"column":187}}},"3":{"name":"(anonymous_3)","line":74,"loc":{"start":{"line":74,"column":99},"end":{"line":74,"column":118}}},"4":{"name":"(anonymous_4)","line":87,"loc":{"start":{"line":87,"column":54},"end":{"line":87,"column":194}}},"5":{"name":"(anonymous_5)","line":104,"loc":{"start":{"line":104,"column":51},"end":{"line":104,"column":187}}},"6":{"name":"(anonymous_6)","line":141,"loc":{"start":{"line":141,"column":48},"end":{"line":141,"column":119}}},"7":{"name":"(anonymous_7)","line":152,"loc":{"start":{"line":152,"column":49},"end":{"line":152,"column":70}}},"8":{"name":"_dockerCommandBuilder","line":190,"loc":{"start":{"line":190,"column":0},"end":{"line":190,"column":90}}},"9":{"name":"(anonymous_9)","line":200,"loc":{"start":{"line":200,"column":11},"end":{"line":200,"column":100}}},"10":{"name":"applyTemplate","line":219,"loc":{"start":{"line":219,"column":8},"end":{"line":219,"column":41}}},"11":{"name":"(anonymous_11)","line":234,"loc":{"start":{"line":234,"column":56},"end":{"line":234,"column":80}}},"12":{"name":"_defaultCommandHandler","line":260,"loc":{"start":{"line":260,"column":0},"end":{"line":260,"column":159}}},"13":{"name":"_defaultDockerCommandBuilder","line":268,"loc":{"start":{"line":268,"column":0},"end":{"line":268,"column":81}}},"14":{"name":"(anonymous_14)","line":273,"loc":{"start":{"line":273,"column":56},"end":{"line":273,"column":88}}}},"statementMap":{"1":{"start":{"line":3,"column":0},"end":{"line":3,"column":40}},"2":{"start":{"line":4,"column":0},"end":{"line":4,"column":23}},"3":{"start":{"line":5,"column":0},"end":{"line":5,"column":27}},"4":{"start":{"line":6,"column":0},"end":{"line":6,"column":27}},"5":{"start":{"line":7,"column":0},"end":{"line":7,"column":31}},"6":{"start":{"line":14,"column":0},"end":{"line":35,"column":1}},"7":{"start":{"line":15,"column":4},"end":{"line":15,"column":59}},"8":{"start":{"line":17,"column":4},"end":{"line":19,"column":5}},"9":{"start":{"line":18,"column":8},"end":{"line":18,"column":87}},"10":{"start":{"line":21,"column":4},"end":{"line":21,"column":54}},"11":{"start":{"line":23,"column":4},"end":{"line":23,"column":57}},"12":{"start":{"line":24,"column":4},"end":{"line":27,"column":5}},"13":{"start":{"line":25,"column":8},"end":{"line":25,"column":44}},"14":{"start":{"line":26,"column":8},"end":{"line":26,"column":70}},"15":{"start":{"line":29,"column":4},"end":{"line":29,"column":60}},"16":{"start":{"line":30,"column":4},"end":{"line":34,"column":5}},"17":{"start":{"line":31,"column":8},"end":{"line":31,"column":56}},"18":{"start":{"line":33,"column":8},"end":{"line":33,"column":85}},"19":{"start":{"line":37,"column":0},"end":{"line":85,"column":7}},"20":{"start":{"line":40,"column":8},"end":{"line":40,"column":103}},"21":{"start":{"line":41,"column":8},"end":{"line":44,"column":9}},"22":{"start":{"line":43,"column":12},"end":{"line":43,"column":75}},"23":{"start":{"line":45,"column":8},"end":{"line":47,"column":9}},"24":{"start":{"line":46,"column":12},"end":{"line":46,"column":138}},"25":{"start":{"line":48,"column":8},"end":{"line":48,"column":30}},"26":{"start":{"line":49,"column":8},"end":{"line":49,"column":61}},"27":{"start":{"line":50,"column":8},"end":{"line":57,"column":9}},"28":{"start":{"line":52,"column":12},"end":{"line":52,"column":47}},"29":{"start":{"line":53,"column":12},"end":{"line":53,"column":69}},"30":{"start":{"line":54,"column":15},"end":{"line":57,"column":9}},"31":{"start":{"line":56,"column":12},"end":{"line":56,"column":61}},"32":{"start":{"line":59,"column":8},"end":{"line":83,"column":9}},"33":{"start":{"line":62,"column":12},"end":{"line":62,"column":68}},"34":{"start":{"line":63,"column":12},"end":{"line":63,"column":45}},"35":{"start":{"line":64,"column":12},"end":{"line":64,"column":59}},"36":{"start":{"line":65,"column":12},"end":{"line":82,"column":13}},"37":{"start":{"line":66,"column":16},"end":{"line":66,"column":51}},"38":{"start":{"line":68,"column":16},"end":{"line":68,"column":112}},"39":{"start":{"line":70,"column":16},"end":{"line":81,"column":17}},"40":{"start":{"line":72,"column":20},"end":{"line":72,"column":150}},"41":{"start":{"line":73,"column":20},"end":{"line":73,"column":36}},"42":{"start":{"line":74,"column":20},"end":{"line":79,"column":23}},"43":{"start":{"line":75,"column":24},"end":{"line":78,"column":25}},"44":{"start":{"line":77,"column":28},"end":{"line":77,"column":191}},"45":{"start":{"line":80,"column":20},"end":{"line":80,"column":27}},"46":{"start":{"line":84,"column":8},"end":{"line":84,"column":171}},"47":{"start":{"line":87,"column":0},"end":{"line":101,"column":2}},"48":{"start":{"line":90,"column":4},"end":{"line":90,"column":54}},"49":{"start":{"line":91,"column":4},"end":{"line":94,"column":5}},"50":{"start":{"line":93,"column":8},"end":{"line":93,"column":45}},"51":{"start":{"line":96,"column":4},"end":{"line":96,"column":38}},"52":{"start":{"line":98,"column":4},"end":{"line":98,"column":44}},"53":{"start":{"line":99,"column":4},"end":{"line":99,"column":52}},"54":{"start":{"line":100,"column":4},"end":{"line":100,"column":150}},"55":{"start":{"line":103,"column":0},"end":{"line":121,"column":7}},"56":{"start":{"line":105,"column":8},"end":{"line":105,"column":56}},"57":{"start":{"line":106,"column":8},"end":{"line":106,"column":42}},"58":{"start":{"line":108,"column":8},"end":{"line":110,"column":9}},"59":{"start":{"line":109,"column":12},"end":{"line":109,"column":48}},"60":{"start":{"line":111,"column":8},"end":{"line":113,"column":9}},"61":{"start":{"line":112,"column":12},"end":{"line":112,"column":75}},"62":{"start":{"line":114,"column":8},"end":{"line":116,"column":9}},"63":{"start":{"line":115,"column":12},"end":{"line":115,"column":73}},"64":{"start":{"line":118,"column":8},"end":{"line":118,"column":46}},"65":{"start":{"line":120,"column":8},"end":{"line":120,"column":158}},"66":{"start":{"line":124,"column":0},"end":{"line":132,"column":2}},"67":{"start":{"line":141,"column":0},"end":{"line":170,"column":2}},"68":{"start":{"line":143,"column":4},"end":{"line":143,"column":70}},"69":{"start":{"line":144,"column":4},"end":{"line":144,"column":66}},"70":{"start":{"line":145,"column":4},"end":{"line":145,"column":43}},"71":{"start":{"line":147,"column":4},"end":{"line":161,"column":5}},"72":{"start":{"line":148,"column":8},"end":{"line":160,"column":9}},"73":{"start":{"line":150,"column":12},"end":{"line":150,"column":72}},"74":{"start":{"line":151,"column":12},"end":{"line":151,"column":39}},"75":{"start":{"line":152,"column":12},"end":{"line":154,"column":15}},"76":{"start":{"line":153,"column":16},"end":{"line":153,"column":112}},"77":{"start":{"line":155,"column":12},"end":{"line":159,"column":13}},"78":{"start":{"line":157,"column":16},"end":{"line":157,"column":43}},"79":{"start":{"line":158,"column":16},"end":{"line":158,"column":22}},"80":{"start":{"line":162,"column":4},"end":{"line":169,"column":5}},"81":{"start":{"line":163,"column":8},"end":{"line":163,"column":20}},"82":{"start":{"line":165,"column":8},"end":{"line":168,"column":10}},"83":{"start":{"line":190,"column":0},"end":{"line":254,"column":1}},"84":{"start":{"line":200,"column":4},"end":{"line":253,"column":5}},"85":{"start":{"line":202,"column":8},"end":{"line":214,"column":9}},"86":{"start":{"line":204,"column":16},"end":{"line":204,"column":46}},"87":{"start":{"line":205,"column":16},"end":{"line":205,"column":47}},"88":{"start":{"line":206,"column":16},"end":{"line":206,"column":22}},"89":{"start":{"line":208,"column":16},"end":{"line":208,"column":42}},"90":{"start":{"line":209,"column":16},"end":{"line":209,"column":43}},"91":{"start":{"line":210,"column":16},"end":{"line":210,"column":22}},"92":{"start":{"line":212,"column":16},"end":{"line":212,"column":41}},"93":{"start":{"line":213,"column":16},"end":{"line":213,"column":42}},"94":{"start":{"line":217,"column":8},"end":{"line":217,"column":88}},"95":{"start":{"line":218,"column":8},"end":{"line":218,"column":77}},"96":{"start":{"line":219,"column":8},"end":{"line":223,"column":9}},"97":{"start":{"line":220,"column":12},"end":{"line":222,"column":13}},"98":{"start":{"line":221,"column":16},"end":{"line":221,"column":57}},"99":{"start":{"line":225,"column":8},"end":{"line":225,"column":41}},"100":{"start":{"line":227,"column":8},"end":{"line":227,"column":107}},"101":{"start":{"line":228,"column":8},"end":{"line":228,"column":47}},"102":{"start":{"line":229,"column":8},"end":{"line":247,"column":9}},"103":{"start":{"line":230,"column":12},"end":{"line":230,"column":49}},"104":{"start":{"line":231,"column":12},"end":{"line":231,"column":51}},"105":{"start":{"line":232,"column":12},"end":{"line":232,"column":61}},"106":{"start":{"line":233,"column":12},"end":{"line":242,"column":13}},"107":{"start":{"line":234,"column":16},"end":{"line":241,"column":19}},"108":{"start":{"line":235,"column":20},"end":{"line":235,"column":59}},"109":{"start":{"line":236,"column":20},"end":{"line":240,"column":21}},"110":{"start":{"line":237,"column":24},"end":{"line":237,"column":111}},"111":{"start":{"line":239,"column":24},"end":{"line":239,"column":48}},"112":{"start":{"line":244,"column":12},"end":{"line":244,"column":39}},"113":{"start":{"line":246,"column":12},"end":{"line":246,"column":124}},"114":{"start":{"line":249,"column":8},"end":{"line":249,"column":42}},"115":{"start":{"line":250,"column":8},"end":{"line":250,"column":79}},"116":{"start":{"line":252,"column":8},"end":{"line":252,"column":161}},"117":{"start":{"line":260,"column":0},"end":{"line":262,"column":1}},"118":{"start":{"line":261,"column":4},"end":{"line":261,"column":116}},"119":{"start":{"line":268,"column":0},"end":{"line":270,"column":1}},"120":{"start":{"line":269,"column":4},"end":{"line":269,"column":100}},"121":{"start":{"line":273,"column":0},"end":{"line":279,"column":3}},"122":{"start":{"line":274,"column":4},"end":{"line":274,"column":71}},"123":{"start":{"line":275,"column":4},"end":{"line":278,"column":5}},"124":{"start":{"line":277,"column":8},"end":{"line":277,"column":112}},"125":{"start":{"line":281,"column":0},"end":{"line":281,"column":34}}},"branchMap":{"1":{"line":15,"type":"binary-expr","locations":[{"start":{"line":15,"column":21},"end":{"line":15,"column":35}},{"start":{"line":15,"column":39},"end":{"line":15,"column":58}}]},"2":{"line":17,"type":"if","locations":[{"start":{"line":17,"column":4},"end":{"line":17,"column":4}},{"start":{"line":17,"column":4},"end":{"line":17,"column":4}}]},"3":{"line":24,"type":"if","locations":[{"start":{"line":24,"column":4},"end":{"line":24,"column":4}},{"start":{"line":24,"column":4},"end":{"line":24,"column":4}}]},"4":{"line":40,"type":"binary-expr","locations":[{"start":{"line":40,"column":29},"end":{"line":40,"column":50}},{"start":{"line":40,"column":54},"end":{"line":40,"column":81}},{"start":{"line":40,"column":85},"end":{"line":40,"column":102}}]},"5":{"line":40,"type":"binary-expr","locations":[{"start":{"line":40,"column":55},"end":{"line":40,"column":71}},{"start":{"line":40,"column":75},"end":{"line":40,"column":77}}]},"6":{"line":41,"type":"if","locations":[{"start":{"line":41,"column":8},"end":{"line":41,"column":8}},{"start":{"line":41,"column":8},"end":{"line":41,"column":8}}]},"7":{"line":45,"type":"if","locations":[{"start":{"line":45,"column":8},"end":{"line":45,"column":8}},{"start":{"line":45,"column":8},"end":{"line":45,"column":8}}]},"8":{"line":50,"type":"if","locations":[{"start":{"line":50,"column":8},"end":{"line":50,"column":8}},{"start":{"line":50,"column":8},"end":{"line":50,"column":8}}]},"9":{"line":54,"type":"if","locations":[{"start":{"line":54,"column":15},"end":{"line":54,"column":15}},{"start":{"line":54,"column":15},"end":{"line":54,"column":15}}]},"10":{"line":59,"type":"if","locations":[{"start":{"line":59,"column":8},"end":{"line":59,"column":8}},{"start":{"line":59,"column":8},"end":{"line":59,"column":8}}]},"11":{"line":65,"type":"if","locations":[{"start":{"line":65,"column":12},"end":{"line":65,"column":12}},{"start":{"line":65,"column":12},"end":{"line":65,"column":12}}]},"12":{"line":70,"type":"if","locations":[{"start":{"line":70,"column":16},"end":{"line":70,"column":16}},{"start":{"line":70,"column":16},"end":{"line":70,"column":16}}]},"13":{"line":75,"type":"if","locations":[{"start":{"line":75,"column":24},"end":{"line":75,"column":24}},{"start":{"line":75,"column":24},"end":{"line":75,"column":24}}]},"14":{"line":90,"type":"binary-expr","locations":[{"start":{"line":90,"column":23},"end":{"line":90,"column":47}},{"start":{"line":90,"column":51},"end":{"line":90,"column":53}}]},"15":{"line":91,"type":"if","locations":[{"start":{"line":91,"column":4},"end":{"line":91,"column":4}},{"start":{"line":91,"column":4},"end":{"line":91,"column":4}}]},"16":{"line":91,"type":"binary-expr","locations":[{"start":{"line":91,"column":8},"end":{"line":91,"column":46}},{"start":{"line":91,"column":50},"end":{"line":91,"column":89}},{"start":{"line":91,"column":93},"end":{"line":91,"column":130}}]},"17":{"line":105,"type":"binary-expr","locations":[{"start":{"line":105,"column":25},"end":{"line":105,"column":49}},{"start":{"line":105,"column":53},"end":{"line":105,"column":55}}]},"18":{"line":106,"type":"binary-expr","locations":[{"start":{"line":106,"column":23},"end":{"line":106,"column":35}},{"start":{"line":106,"column":39},"end":{"line":106,"column":41}}]},"19":{"line":108,"type":"if","locations":[{"start":{"line":108,"column":8},"end":{"line":108,"column":8}},{"start":{"line":108,"column":8},"end":{"line":108,"column":8}}]},"20":{"line":108,"type":"binary-expr","locations":[{"start":{"line":108,"column":12},"end":{"line":108,"column":39}},{"start":{"line":108,"column":43},"end":{"line":108,"column":81}}]},"21":{"line":111,"type":"if","locations":[{"start":{"line":111,"column":8},"end":{"line":111,"column":8}},{"start":{"line":111,"column":8},"end":{"line":111,"column":8}}]},"22":{"line":112,"type":"binary-expr","locations":[{"start":{"line":112,"column":30},"end":{"line":112,"column":52}},{"start":{"line":112,"column":56},"end":{"line":112,"column":73}}]},"23":{"line":114,"type":"if","locations":[{"start":{"line":114,"column":8},"end":{"line":114,"column":8}},{"start":{"line":114,"column":8},"end":{"line":114,"column":8}}]},"24":{"line":114,"type":"binary-expr","locations":[{"start":{"line":114,"column":12},"end":{"line":114,"column":36}},{"start":{"line":114,"column":40},"end":{"line":114,"column":65}}]},"25":{"line":143,"type":"binary-expr","locations":[{"start":{"line":143,"column":35},"end":{"line":143,"column":63}},{"start":{"line":143,"column":67},"end":{"line":143,"column":69}}]},"26":{"line":147,"type":"if","locations":[{"start":{"line":147,"column":4},"end":{"line":147,"column":4}},{"start":{"line":147,"column":4},"end":{"line":147,"column":4}}]},"27":{"line":147,"type":"binary-expr","locations":[{"start":{"line":147,"column":8},"end":{"line":147,"column":20}},{"start":{"line":147,"column":24},"end":{"line":147,"column":52}}]},"28":{"line":153,"type":"binary-expr","locations":[{"start":{"line":153,"column":34},"end":{"line":153,"column":49}},{"start":{"line":153,"column":54},"end":{"line":153,"column":74}},{"start":{"line":153,"column":78},"end":{"line":153,"column":110}}]},"29":{"line":155,"type":"if","locations":[{"start":{"line":155,"column":12},"end":{"line":155,"column":12}},{"start":{"line":155,"column":12},"end":{"line":155,"column":12}}]},"30":{"line":162,"type":"if","locations":[{"start":{"line":162,"column":4},"end":{"line":162,"column":4}},{"start":{"line":162,"column":4},"end":{"line":162,"column":4}}]},"31":{"line":202,"type":"switch","locations":[{"start":{"line":203,"column":12},"end":{"line":206,"column":22}},{"start":{"line":207,"column":12},"end":{"line":210,"column":22}},{"start":{"line":211,"column":12},"end":{"line":213,"column":42}}]},"32":{"line":218,"type":"binary-expr","locations":[{"start":{"line":218,"column":24},"end":{"line":218,"column":70}},{"start":{"line":218,"column":74},"end":{"line":218,"column":76}}]},"33":{"line":218,"type":"binary-expr","locations":[{"start":{"line":218,"column":25},"end":{"line":218,"column":50}},{"start":{"line":218,"column":54},"end":{"line":218,"column":56}}]},"34":{"line":220,"type":"if","locations":[{"start":{"line":220,"column":12},"end":{"line":220,"column":12}},{"start":{"line":220,"column":12},"end":{"line":220,"column":12}}]},"35":{"line":229,"type":"if","locations":[{"start":{"line":229,"column":8},"end":{"line":229,"column":8}},{"start":{"line":229,"column":8},"end":{"line":229,"column":8}}]},"36":{"line":233,"type":"if","locations":[{"start":{"line":233,"column":12},"end":{"line":233,"column":12}},{"start":{"line":233,"column":12},"end":{"line":233,"column":12}}]},"37":{"line":236,"type":"if","locations":[{"start":{"line":236,"column":20},"end":{"line":236,"column":20}},{"start":{"line":236,"column":20},"end":{"line":236,"column":20}}]},"38":{"line":275,"type":"if","locations":[{"start":{"line":275,"column":4},"end":{"line":275,"column":4}},{"start":{"line":275,"column":4},"end":{"line":275,"column":4}}]},"39":{"line":275,"type":"binary-expr","locations":[{"start":{"line":275,"column":8},"end":{"line":275,"column":47}},{"start":{"line":275,"column":51},"end":{"line":275,"column":101}}]}},"code":["'use strict';","","var DockerCmd = require('./docker-cmd');","var fs = require('fs');","var path = require('path');","var util = require('util');","var extend = require('extend');","","/**"," * This class manages the DockerCmd and handles dockerdesc.json"," * @const
[...]
Description","     * @param {Options} commandOptions","     * @param {Object} dockerOptions","     * @param {DockerCmd~callback} callback","     * @private","     */","    return function(descriptionTarget, descriptionOptions, commandOptions, dockerOptions, callback) {","        // the callback is always the last argument","        switch (arguments.length) {","            case 2:","                callback = descriptionOptions;","                descriptionOptions = undefined;","                break;","            case 3:","                callback = commandOptions;","                commandOptions = undefined;","                break;","            case 4:","                callback = dockerOptions;","                dockerOptions = undefined;","        }","        // Now will create the final description : beginning from defaults, append the fields from the \"default\" template, then all the templates from the given","        // <code>description</code>, then the fields of the description, and finally the given commandOptions & dockerOptions","        var finalDescription = extend(true, {}, this._defaultDescriptions[commandName]); // copy defaults","        var templates = (this.dockerdesc.templates || {})[commandName] || {};","        function applyTemplate(template) {","            if (template) {","                extend(true, finalDescription, template);","            }","        }","        // Apply templates beginning with `default`","        applyTemplate(templates.default);","        // Look directly at the descriptions in the dockerdesc","        var lookup = this._lookupDescription(commandName, descriptionTarget, commandOptionsMappingToAName);","        var dockerdescName = descriptionTarget;","        if (lookup) {","            var description = lookup.description;","            dockerdescName = lookup.dockerdescName;","            var descriptionTemplates = description.templates;","            if (descriptionTemplates) {","                [].concat(descriptionTemplates).forEach(function (templateName) {","                    var template = templates[templateName];","                    if (!template) {","                        throw new Error(util.format('%s template \"%s\" is missing', commandName, templateName));","                    } else {","                        applyTemplate(template);","                    }","                });","            }","            // Apply all fields from given description","            applyTemplate(description);","        } else {","            console.warn(util.format('Warn: couldn\\'t find the %s description named \"%s\"', commandName, descriptionTarget));","        }","        // And finally, the options passed from the command line","        applyTemplate(descriptionOptions);","        applyTemplate({dockerOptions: dockerOptions, options: commandOptions});","","        commandHandler.call(this, commandName, descriptionTarget, descriptionOptions, commandOptions, dockerOptions, finalDescription, dockerdescName, callback);","    }","}","","/**"," * @type {DockerCmdManager~CommandHandler}"," * @private"," */","function _defaultCommandHandler(commandName, descriptionTarget, descriptionOptions, commandOptions, dockerOptions, finalDescription, dockerdescName, callback) {","    new DockerCmd().executeCommand(commandName, finalDescription.options, finalDescription.dockerOptions, callback);","}","","/**"," * @param {string} commandName - Docker command name"," * @param {string[]} [commandOptionsMappingToAName] - command options name which refers to a potential descriptionTarget"," */","function _defaultDockerCommandBuilder(commandName, commandOptionsMappingToAName) {","    return _dockerCommandBuilder(commandName, commandOptionsMappingToAName, _defaultCommandHandler);","}","","/// copy default commands if not already exists","Object.getOwnPropertyNames(DockerCmd.prototype).forEach(function(dockerCmdPropertyName) {","    var dockerCmdProperty = DockerCmd.prototype[dockerCmdPropertyName];","    if (typeof dockerCmdProperty === 'function' && !DockerCmdManager.prototype[dockerCmdPropertyName]) {","        // let's define the not yet defined function linked to corresponding DockerCmd function","        DockerCmdManager.prototype[dockerCmdPropertyName] = _defaultDockerCommandBuilder(dockerCmdPropertyName);","    }","});","","module.exports = DockerCmdManager;"],"l":{"3":1,"4":1,"5":1,"6":1,"7":1,"14":1,"15":0,"17":0,"18":0,"21":0,"23":0,"24":0,"25":0,"26":0,"29":0,"30":0,"31":0,"33":0,"37":1,"40":0,"41":0,"43":0,"45":0,"46":0,"48":0,"49":0,"50":0,"52":0,"53":0,"54":0,"56":0,"59":0,"62":0,"63":0,"64":0,"65":0,"66":0,"68":0,"70":0,"72":0,"73":0,"74":0,"75":0,"77":0,"80":0,"84":0,"87":1,"90":0,"91":0,"93":0,"96":0,"98":0,"99":0,"100":0,"103":1,"105":0,"106":0,"108":0,"109":0,"111":0,"112":0,"114":0,"115":0,"118":0,"120":0,"124":1,"141":1,"143":0,"144":0,"145":0,"147":0,"148":0,"150":0,"151":0,"152":0,"153":0,"155":0,"157":0,"158":0,"162":0,"163":0,"165":0,"190":1,"200":36,"202":0,"204":0,"205":0,"206":0,"208":0,"209":0,"210":0,"212":0,"213":0,"217":0,"218":0,"219":1,"220":0,"221":0,"225":0,"227":0,"228":0,"229":0,"230":0,"231":0,"232":0,"233":0,"234":0,"235":0,"236":0,"237":0,"239":0,"244":0,"246":0,"249":0,"250":0,"252":0,"260":1,"261":0,"268":1,"269":34,"273":1,"274":37,"275":37,"277":34,"281":1}},"/home/travis/build/npmtest/node-npmtest-docker-cmd/node_modules/docker-cmd/bin/docker-cm.js":{"path":"/home/travis/build/npmtest/node-npmtest-docker-cmd/node_modules/docker-cmd/bin/docker-cm.js","s":{"1":2,"2":2,"3":0},"b":{},"f":{"1":0},"fnMap":{"1":{"name":"(anonymous_1)","line":10,"loc":{"start":{"line":10,"column":3},"end":{"line":10,"column":24}}}},"statementMap":{"1":{"start":{"line":4,"column":0},"end":{"line":4,"column":43}},"2":{"start":{"line":5,"column":0},"end":{"line":12,"column":3}},"3":{"start":{"line":11,"column":4},"end":{"line":11,"column":29}}},"branchMap":{},"code":["//#!/usr/bin/env node","'use strict';","","var dockerCM = require('../lib/docker-cm'); // inspired by http://yahooeng.tumblr.com/post/75054690857/code-coverage-for-executable-node-js-scripts","dockerCM({","    stdin: process.stdin,","    stdout: process.stdout,","    stderr: process.stderr,","    argv: process.argv","}, function(exitStatus) {","    process.exit(exitStatus);","});"],"l":{"4":2,"5":2,"11":0}},"/home/travis/build/npmtest/node-npmtest-docker-cmd/node_modules/docker-cmd/lib/docker-cm.js":{"path":"/home/travis/build/npmtest/node-npmtest-docker-cmd/node_modules/docker-cmd/lib/docker-cm.js","s":{"1":1,"2":1,"3":1,"4":1,"5":1,"6":2,"7":2,"8":1,"9":0,"10":0,"11":0,"12":0,"13":0,"14":0,"15":0,"16":0,"17":0,"18":0,"19":0,"20":0,"21":0,"22":0,"23":0,"24":0,"25":0,"26":0,"27":0,"28":0,"29":0,"30":0,"31":0,"32":0,"33":0,"34":0,"35":0,"36":0,"37":0,"38":0,"39":0,"40":0,"41":0,"42":0,"43":1},"b":{"1":[0,0],"2":[0,0],"3":[0,0],"4":[0,0],"5":[0,0],"6":[0,0],"7":[0,0],"8":[0,0],"9":[0,0],"10":[0,0]},"f":{"1":2,"2":0,"3":0,"4":0,"5":0,"6":0},"fnMap":{"1":{"name":"dockerCM","line":12,"loc":{"start":{"line":12,"column":0},"end":{"line":12,"column":38}}},"2":{"name":"(anonymous_2)","line":17,"loc":{"start":{"line":17,"column":30},"end":{"line":17,"column":41}}},"3":{"name":"help","line":42,"loc":{"start":{"line":42,"column":4},"end":{"line":42,"column":30}}},"4":{"name":"(anonymous_4)","line":67,"loc":{"start":{"line":67,"column":67},"end":{"line":67,"column":89}}},"5":{"name":"(anonymous_5)","line":70,"loc":{"start":{"line":70,"column":84},"end":{"line":70,"column":108}}},"6":{"name":"(anonymous_6)","line":85,"loc":{"start":{"line":85,"column":125},"end":{"line":85,"column":157}}}},"statementMap":{"1":{"start":{"line":3,"column":0},"end":{"line":3,"column":55}},"2":{"start":{"line":5,"column":0},"end":{"line":5,"column":36}},"3":{"start":{"line":6,"column":0},"end":{"line":6,"column":27}},"4":{"start":{"line":7,"column":0},"end":{"line":7,"column":27}},"5":{"start":{"line":12,"column":0},"end":{"line":91,"column":1}},"6":{"start":{"line":15,"column":4},"end":{"line":15,"column":66}},"7":{"start":{"line":17,"column":4},"end":{"line":40,"column":36}},"8":{"start":{"line":42,"column":4},"end":{"line":45,"column":5}},"9":{"start":{"line":43,"column":8},"end":{"line":43,"column":27}},"10":{"start":{"line":44,"column":8},"end":{"line":44,"column":29}},"11":{"start":{"line":46,"column":4},"end":{"line":46,"column":77}},"12":{"start":{"line":47,"column":4},"end":{"line":51,"column":5}},"13":{"start":{"line":48,"column":8},"end":{"line":48,"column":23}},"14":{"start":{"line":49,"column":11},"end":{"line":51,"column":5}},"15":{"start":{"line":50,"column":8},"end":{"line":50,"column":56}},"16":{"start":{"line":53,"column":4},"end":{"line":90,"column":5}},"17":{"start":{"line":54,"column":8},"end":{"line":54,"column":82}},"18":{"start":{"line":55,"column":8},"end":{"line":55,"column":23}},"19":{"start":{"line":57,"column":8},"end":{"line":57,"column":45}},"20":{"start":{"line":58,"column":8},"end":{"line":58,"column":69}},"21":{"start":{"line":59,"column":8},"end":{"line":59,"column":64}},"22":{"start":{"line":60,"column":8},"end":{"line":60,"column":60}},"23":{"start":{"line":61,"column":8},"end":{"line":89,"column":9}},"24":{"start":{"line":62,"column":12},"end":{"line":62,"column":84}},"25":{"start":{"line":63,"column":12},"end":{"line":63,"column":27}},"26":{"start":{"line":65,"column":12},"end":{"line":65,"column":92}},"27":{"start":{"line":67,"column":12},"end":{"line":75,"column":15}},"28":{"start":{"line":68,"column":16},"end":{"line":68,"column":65}},"29":{"start":{"line":70,"column":16},"end":{"line":72,"column":19}},"30":{"start":{"line":71,"column":20},"end":{"line":71,"column":48}},"31":{"start":{"line":73,"column":16},"end":{"line":73,"column":54}},"32":{"start":{"line":74,"column":16},"end":{"line":74,"column":70}},"33":{"start":{"line":76,"column":12},"end":{"line":76,"column":68}},"34":{"start":{"line":77,"column":12},"end":{"line":88,"column":13}},"35":{"start":{"line":78,"column":16},"end":{"line":78,"column":72}},"36":{"start":{"line":79,"column":16},"end":{"line":79,"column":31}},"37":{"start":{"line":81,"column":16},"end":{"line":81,"column":97}},"38":{"start":{"line":82,"column":16},"end":{"line":82,"column":39}},"39":{"start":{"line":83,"column":16},"end":{"line":83,"column":39}},"40":{"start":{"line":84,"column":16},"end":{"line":84,"column":48}},"41":{"start":{"line":85,"column":16},"end":{"line":87,"column":19}},"42":{"start":{"line":86,"column":20},"end":{"line":86,"column":59}},"43":{"start":{"line":93,"column":0},"end":{"line":93,"column":26}}},"branchMap":{"1":{"line":47,"type":"if","locations":[{"start":{"line":47,"column":4},"end":{"line":47,"column":4}},{"start":{"line":47,"column":4},"end":{"line":47,"column":4}}]},"2":{"line":47,"type":"binary-expr","locations":[{"start":{"line":47,"column":8},"end":{"line":47,"column":23}},{"start":{"line":47,"column":27},"end":{"line":47,"column":45}}]},"3":{"line":49,"type":"if","locations":[{"start":{"line":49,"column":11},"end":{"line":49,"column":11}},{"start":{"line":49,"column":11},"end":{"line":49,"column":11}}]},"4":{"line":49,"type":"binary-expr","locations":[{"start":{"line":49,"column":15},"end":{"line":49,"column":30}},{"start":{"line":49,"column":34},"end":{"line":49,"column":55}}]},"5":{"line":53,"type":"if","locations":[{"start":{"line":53,"column":4},"end":{"line":53,"column":4}},{"start":{"line":53,"column":4},"end":{"line":53,"column":4}}]},"6":{"line":53,"type":"binary-expr","locations":[{"start":{"line":53,"column":8},"end":{"line":53,"column":24}},{"start":{"line":53,"column":28},"end":{"line":53,"column":54}}]},"7":{"line":58,"type":"binary-expr","locations":[{"start":{"line":58,"column":25},"end":{"line":58,"column":40}},{"start":{"line":58,"column":44},"end":{"line":58,"column":68}}]},"8":{"line":61,"type":"if","locations":[{"start":{"line":61,"column":8},"end":{"line":61,"column":8}},{"start":{"line":61,"column":8},"end":{"line":61,"column":8}}]},"9":{"line":76,"type":"binary-expr","locations":[{"start":{"line":76,"column":37},"end":{"line":76,"column":57}},{"start":{"line":76,"column":61},"end":{"line":76,"column":63}}]},"10":{"line":77,"type":"if","locations":[{"start":{"line":77,"column":12},"end":{"line":77,"column":12}},{"start":{"line":77,"column":12},"end":{"line":77,"column":12}}]}},"code":["'use strict';","","var DockerCmdManager = require('./docker-cmd-manager');","","var parseArgs = require('minimist'); // thanks to http://stackoverflow.com/a/24638042/535203","var util = require('util');","var M = require('mstring');","","/**"," * @param {{stdin: stream, stdout: stream, stderr: stream, argv: string[]}} pProcess"," */","function dockerCM(pProcess, callback) { // inspired by http://yahooeng.tumblr.com/post/75054690857/code-coverage-for-executable-node-js-scripts","    //TODO replace all console.log by pProcess.stdout.write(message+'\\n');","","    var dockerCmName = require('path').basename(pProcess.argv[1]);","","    var usage = util.format(M(function() {","/***","%s executes the given docker command, reading arguments from the given dockerdesc file and the given options and args.","","Usage: %s [options] [dockerOptions] <commandName> [descriptionOptions] <descriptionTarget> [commandOptions] [commandArgs]","","Options:","-h, --help               output usage information","-V, --version            output the version number","-C, --dockerdesc <PATH>  Specify the path to the dockerdesc file. Defaults to <./dockerdesc.json>","","DockerOptions:      All the options you want to pass to docker command before the command name","","CommandName:        The docker command name to execute","","DescriptionOptions: Options depending on the command, overriding the ones from the dockerdesc","","DescriptionTarget:  Name of the target to read from the dockerdesc","","CommandOptions:     All the options to override from the dockerdesc file","","CommandArgs:        The args to pass to the docker command, after the command options, overriding those described in the dockerdesc file","***/","    }), dockerCmName, dockerCmName);","","    function help(exitStatus) {","        console.log(usage);","        callback(exitStatus);","    }","    var dockerOptions = parseArgs(pProcess.argv.slice(2), {stopEarly: true});","    if (dockerOptions.h || dockerOptions.help) {","        return help(0);","    } else if (dockerOptions.V || dockerOptions.version) {","        console.log(require('../package.json').version);","    }","","    if (!dockerOptions._ || dockerOptions._.length < 2) {","        console.error('Must at least have <commandName> AND <descriptionTarget>');","        return help(1);","    } else {","        var commandName = dockerOptions._[0];","        var dockerdesc = dockerOptions.C || dockerOptions.dockerdesc;","        var dockerCmdManager = new DockerCmdManager(dockerdesc);","        var commandFunction = dockerCmdManager[commandName];","        if (typeof commandFunction !== 'function') {","            console.error(util.format('\"%s\" command doesn\\'t exist.', commandName));","            return help(2);","        } else {","            var descriptionOptions = parseArgs(dockerOptions._.slice(1), {stopEarly: true});","            // for those options, we have to convert from regular command arg (using \"-\") to camelCase","            Object.getOwnPropertyNames(descriptionOptions).forEach(function (optionName) {","                var optionValue = descriptionOptions[optionName];","                // to camelCase","                var camelCaseOptionName = optionName.toLowerCase().replace(/-(.)/g, function(match, group1) { // thanks to http://stackoverflow.com/a/10425344/535203","                    return group1.toUpperCase();","                });","                delete descriptionOptions[optionName];","                descriptionOptions[camelCaseOptionName] = optionValue;","            });","            var descriptionTarget = (descriptionOptions._ || [])[0];","            if (!descriptionTarget) {","                console.error('Must at least have <descriptionTarget>');","                return help(3);","            } else {","                var commandOptions = parseArgs(descriptionOptions._.slice(1), {stopEarly: true});","                delete dockerOptions._; // not a docker option","                delete dockerOptions.C; // not a docker option","                delete dockerOptions.dockerdesc; // not a docker option","                commandFunction.call(dockerCmdManager, descriptionTarget, descriptionOptions, commandOptions, dockerOptions, function(dockerProcessExitCode) {","                    return callback(dockerProcessExitCode);","                });","            }","        }","    }","}","","module.exports = dockerCM;"],"l":{"3":1,"5":1,"6":1,"7":1,"12":1,"15":2,"17":2,"42":1,"43":0,"44":0,"46":0,"47":0,"48":0,"49":0,"50":0,"53":0,"54":0,"55":0,"57":0,"58":0,"59":0,"60":0,"61":0,"62":0,"63":0,"65":0,"67":0,"68":0,"70":0,"71":0,"73":0,"74":0,"76":0,"77":0,"78":0,"79":0,"81":0,"82":0,"83":0,"84":0,"85":0,"86":0,"93":1}},"/home/travis/build/npmtest/node-npmtest-docker-cmd/node_modules/docker-cmd/lib/typedefs.js":{"path":"/home/travis/build/npmtest/node-npmtest-docker-cmd/node_modules/docker-cmd/lib/typedefs.js","s":{},"b":{},"f":{},"fnMap":{},"statementMap":{},"branchMap":{},"code":["'use strict';","","/**"," * dockerdesc.json file description"," * @typedef {Object.<string, Object.<string, Description>>} Dockerdesc"," * @property {Templates} templates - Templates"," * @property {BuildDescriptions} build - The build descriptions"," * @property {RunDescriptions} run - The run descriptions"," */","","/**"," * Templates description."," * @typedef {Object.<string, Object.<string, Description>>} Templates"," * @property {BuildDescriptions} build - The build templates"," * @property {RunDescriptions} run - The run templates"," */","","/**"," * Generic command description."," * @typedef {Object} Description"," * @property {string|string[]} templates - The templates to inherit from"," * @property {Object} dockerOptions - Options to pass to <code>docker<code> before the command name"," * @property {Options} options - Options to pass to <code>docker<code> after the command name (therefore these are the command options)"," */","","/**"," * Docker command options."," * @typedef {Object} Options"," * @property {string|string[]} _ - Arguments to pass after the command options"," */","","/**"," * Build descriptions."," * @typedef {Object.<string, BuildDescription>} BuildDescriptions"," */","","/**"," * Build description."," * @typedef {Object} BuildDescription"," * @extends {Description}"," * @property {string} path - Path to the Dockerfile parent dir or path to the Dockerfile (relative to the dockerdesc.json file)"," * @property {boolean} [buildParent=true] - Whether to build parent or not"," * @property {boolean} [buildTagFromBuildName=true] - Whether to automatically add a \"-tag\" for the build command from the name of the build description"," * @property {BuildOptions} options - Build options"," */","","/**"," * @typedef {Object} BuildOptions"," * @extends {Options}"," * @property {string} tag - Repository name (and optionally a tag) to be applied to the resulting image in case of success"," * @property {string} t - Alias for <code>tag</code> property"," */","","/**"," * Run descriptions."," * @typedef {Object.<string, RunDescription>} RunDescriptions"," */","","/**"," * Run description."," * @typedef {Object} RunDescription"," * @extends {Description}"," * @property {string} image - Image name to run"," * @property {string|string[]} command - The command and its args"," * @property {boolean} [useRunName=true] - Whether to automatically add a \"--name\" for the run command from the name of the run description"," * @property {RunOptions} options - Run options"," */","","/**"," * @typedef {Object} RunOptions"," * @extends {Options}"," * @property {string} name - Assign a name to the container"," */"],"l":{}}}